drivers:
Not implemented
---------
opp:
Connected CPUs:
 - Port: /dev/ttyACM0 at 115200 baud
 -> Board: 0x20 Firmware: 0x2000002
 - Port: /dev/ttyACM1 at 115200 baud
 -> Board: 0x20 Firmware: 0x2000002
 - Port: /dev/ttyACM2 at 115200 baud
 -> Board: 0x20 Firmware: 0x2000002

Incand cards:
 - CPU: /dev/ttyACM0 Board: 0x20 Card: 0 Numbers: [24, 25, 26, 27, 28, 29, 30, 31]

Input cards:
 - CPU: /dev/ttyACM2 Board: 0x20 Card: 0 Numbers: [0, 1, 2, 3, 5, 6, 7, 8, 9, 10, 11, 16, 17, 18, 19, 24, 25, 26, 27, 28, 29, 30, 31]
 - CPU: /dev/ttyACM0 Board: 0x20 Card: 0 Numbers: [0, 1, 2, 3, 5, 6, 7, 8, 9, 10, 11, 16, 17, 18, 19, 20, 21, 22, 23]
 - CPU: /dev/ttyACM1 Board: 0x20 Card: 0 Numbers: [0, 1, 2, 3, 4, 5, 6, 7, 8, 9, 10, 11, 16, 17, 18, 19, 20, 21, 22, 23, 24, 25, 26, 27, 28, 29, 30, 31]

Solenoid cards:
 - CPU: /dev/ttyACM2 Board: 0x20 Card: 0 Numbers: [4, 5, 6, 7, 8, 9, 10, 11]
 - CPU: /dev/ttyACM0 Board: 0x20 Card: 0 Numbers: [4, 5, 6, 7]
 - CPU: /dev/ttyACM1 Board: 0x20 Card: 0 Numbers: [4, 5, 6, 7]

LEDs:
 - CPU: /dev/ttyACM2 Board: 0x20 Card: 0
 - CPU: /dev/ttyACM0 Board: 0x20 Card: 0

---------
