2020-05-15 16:34:55,407 : INFO : root : Loading config.
2020-05-15 16:34:55,412 : INFO : YamlMultifileConfigLoader : Machine config file #1: config.yaml
2020-05-15 16:34:55,415 : WARNING : ConfigProcessor : Config file in cache changed: /home/ben/pinball/config/config.yaml
2020-05-15 16:34:55,416 : INFO : ConfigProcessor : Loading config from file /home/ben/.local/lib/python3.6/site-packages/mpf/mpfconfig.yaml.
2020-05-15 16:34:55,639 : INFO : ConfigProcessor : Loading config: /home/ben/.local/lib/python3.6/site-packages/mpf/mpfconfig.yaml
2020-05-15 16:34:55,640 : INFO : ConfigProcessor : Loading config from file /home/ben/pinball/config/config.yaml.
2020-05-15 16:34:55,742 : INFO : ConfigProcessor : Loading config: /home/ben/pinball/config/config.yaml
2020-05-15 16:34:55,745 : INFO : ConfigProcessor : Config file cache created: /tmp/f769d6d277b927631eb42efb29e773ab.mpf_cache
2020-05-15 16:34:55,835 : INFO : ConfigProcessor : Loading config from cache: /tmp/d964ef655ecb78b725ff15fc39405639.mpf_cache
2020-05-15 16:34:55,836 : INFO : ConfigProcessor : Loading config from cache: /tmp/47f1230cf12d95ec6fd446cbfe48c3da.mpf_cache
2020-05-15 16:34:55,837 : INFO : ConfigProcessor : Loading config from cache: /tmp/55abfb76abba0f6080480ef04b5360ae.mpf_cache
2020-05-15 16:34:55,837 : INFO : ConfigProcessor : Loading config from cache: /tmp/d964ef655ecb78b725ff15fc39405639.mpf_cache
2020-05-15 16:34:55,838 : INFO : ConfigProcessor : Loading config from cache: /tmp/2546fcfb07b4b71824e8d811d5d3d1fc.mpf_cache
2020-05-15 16:34:55,839 : INFO : ConfigProcessor : Loading config from cache: /tmp/bf35451000d8eb08d7cb6ca13d9c5b7d.mpf_cache
2020-05-15 16:34:55,840 : INFO : Machine : Mission Pinball Framework Core Engine v0.54.0-dev.34
2020-05-15 16:34:55,840 : INFO : Machine : Command line arguments: {'no_load_cache': False, 'create_config_cache': True, 'bcp': True, 'configfile': ['config.yaml'], 'force_assets_load': False, 'jsonlogging': False, 'logfile': 'logs/2020-05-15-16-34-55-mpf-pinball.log', 'pause': False, 'production': False, 'text_ui': True, 'loglevel': 15, 'consoleloglevel': 20, 'force_platform': None, 'syslog_address': None, 'mc_file_name': None, 'no_sound': False}
2020-05-15 16:34:55,840 : INFO : Machine : MPF path: /home/ben/.local/lib/python3.6/site-packages/mpf
2020-05-15 16:34:55,840 : INFO : Machine : Machine path: /home/ben/pinball
2020-05-15 16:34:55,840 : INFO : Machine : Platform: linux
2020-05-15 16:34:55,840 : INFO : Machine : Python executable location: /usr/bin/python3
2020-05-15 16:34:55,840 : INFO : Machine : Python version: 3.6.9 (64-bit)
2020-05-15 16:34:55,870 : INFO : Machine : Initialise MPF.
2020-05-15 16:34:55,972 : INFO : OPP : Connecting to /dev/ttyACM1 at 115200bps
2020-05-15 16:34:56,003 : INFO : OPP : Init of OPP board 0 done
2020-05-15 16:34:56,003 : INFO : OPP : Connecting to /dev/ttyACM0 at 115200bps
2020-05-15 16:34:56,035 : INFO : OPP : Init of OPP board 1 done
2020-05-15 16:34:56,035 : INFO : OPP : Connecting to /dev/ttyACM2 at 115200bps
2020-05-15 16:34:56,063 : INFO : OPP : Init of OPP board 2 done
2020-05-15 16:34:56,063 : INFO : EventManager : Event: ======'machine_var_credits_string'====== Args={'value': 'FREE PLAY', 'prev_value': None, 'change': True}
2020-05-15 16:34:56,128 : INFO : EventManager : Event: ======'machine_var_player1_score'====== Args={'value': 400, 'prev_value': None, 'change': True}
2020-05-15 16:34:56,128 : INFO : EventManager : Event: ======'machine_var_mpf_version'====== Args={'value': 'MPF v0.54.0-dev.34', 'prev_value': None, 'change': True}
2020-05-15 16:34:56,128 : INFO : EventManager : Event: ======'machine_var_mpf_extended_version'====== Args={'value': 'MPF v0.54.0-dev.34, Config version:5, Show version: 5, BCP version:1.1', 'prev_value': None, 'change': True}
2020-05-15 16:34:56,128 : INFO : EventManager : Event: ======'machine_var_python_version'====== Args={'value': '3.6.9', 'prev_value': None, 'change': True}
2020-05-15 16:34:56,130 : INFO : EventManager : Event: ======'machine_var_platform'====== Args={'value': 'Linux-5.3.0-51-generic-x86_64-with-Ubuntu-18.04-bionic', 'prev_value': None, 'change': True}
2020-05-15 16:34:56,130 : INFO : EventManager : Event: ======'machine_var_platform_system'====== Args={'value': 'Linux', 'prev_value': None, 'change': True}
2020-05-15 16:34:56,130 : INFO : EventManager : Event: ======'machine_var_platform_release'====== Args={'value': '5.3.0-51-generic', 'prev_value': None, 'change': True}
2020-05-15 16:34:56,130 : INFO : EventManager : Event: ======'machine_var_platform_version'====== Args={'value': '#44~18.04.2-Ubuntu SMP Thu Apr 23 14:27:18 UTC 2020', 'prev_value': None, 'change': True}
2020-05-15 16:34:56,130 : INFO : EventManager : Event: ======'machine_var_platform_machine'====== Args={'value': 'x86_64', 'prev_value': None, 'change': True}
2020-05-15 16:34:56,130 : INFO : EventManager : Event: ======'init_phase_1'====== Args={}
2020-05-15 16:34:56,186 : INFO : EventManager : Event: ======'init_phase_2'====== Args={}
2020-05-15 16:34:56,196 : INFO : EventManager : Event: ======'bcp_connection_attempt'====== Args={'name': 'local_display', 'host': 'localhost', 'port': 5050}
2020-05-15 16:34:56,199 : INFO : BCPClientSocket : Connecting BCP to 'local_display' at localhost:5050...
2020-05-15 16:34:57,548 : INFO : BCPClientSocket : Connected BCP to 'local_display' localhost:5050
2020-05-15 16:34:57,550 : INFO : EventManager : Event: ======'bcp_clients_connected'====== Args={}
2020-05-15 16:34:57,553 : INFO : ball_device.bd_drain : State: idle
2020-05-15 16:34:57,587 : INFO : EventManager : Event: ======'init_phase_3'====== Args={}
2020-05-15 16:34:57,608 : INFO : EventManager : Event: ======'machine_var_mc_version'====== Args={'value': 'MPF-MC v0.54.0-dev.7', 'prev_value': None, 'change': True}
2020-05-15 16:34:57,609 : INFO : EventManager : Event: ======'machine_var_mc_extended_version'====== Args={'value': 'MPF-MC v0.54.0-dev.7 (config_version=5, BCP v1.1, Requires MPF v0.54.0-dev.0)', 'prev_value': None, 'change': True}
2020-05-15 16:34:57,613 : INFO : EventManager : Event: ======'machine_var_master_volume'====== Args={'value': 0.5, 'prev_value': None, 'change': True}
2020-05-15 16:34:57,614 : INFO : EventManager : Event: ======'init_phase_4'====== Args={}
2020-05-15 16:34:57,617 : INFO : EventManager : Event: ======'machine_var_audits_events_game_ended'====== Args={'value': 3, 'prev_value': None, 'change': True}
2020-05-15 16:34:57,617 : INFO : EventManager : Event: ======'machine_var_audits_events_game_started'====== Args={'value': 3, 'prev_value': None, 'change': True}
2020-05-15 16:34:57,618 : INFO : EventManager : Event: ======'machine_var_audits_player_score'====== Args={'value': {'average': 540.0, 'top': [600, 600, 600, 400, 300], 'total': 5}, 'prev_value': None, 'change': True}
2020-05-15 16:34:57,618 : INFO : EventManager : Event: ======'machine_var_audits_switches_s_Drain'====== Args={'value': 59, 'prev_value': None, 'change': True}
2020-05-15 16:34:57,619 : INFO : EventManager : Event: ======'machine_var_audits_switches_s_Flipper_Left_Bottom'====== Args={'value': 228, 'prev_value': None, 'change': True}
2020-05-15 16:34:57,620 : INFO : EventManager : Event: ======'machine_var_audits_switches_s_Flipper_Left_Top'====== Args={'value': 210, 'prev_value': None, 'change': True}
2020-05-15 16:34:57,620 : INFO : EventManager : Event: ======'machine_var_audits_switches_s_Flipper_Right_Bottom'====== Args={'value': 221, 'prev_value': None, 'change': True}
2020-05-15 16:34:57,621 : INFO : EventManager : Event: ======'machine_var_audits_switches_s_Flipper_Right_Top'====== Args={'value': 221, 'prev_value': None, 'change': True}
2020-05-15 16:34:57,622 : INFO : EventManager : Event: ======'machine_var_audits_switches_s_Inlane_Bottom'====== Args={'value': 9, 'prev_value': None, 'change': True}
2020-05-15 16:34:57,622 : INFO : EventManager : Event: ======'machine_var_audits_switches_s_Lane_Top_Left'====== Args={'value': 6, 'prev_value': None, 'change': True}
2020-05-15 16:34:57,623 : INFO : EventManager : Event: ======'machine_var_audits_switches_s_Lane_Top_Right'====== Args={'value': 23, 'prev_value': None, 'change': True}
2020-05-15 16:34:57,624 : INFO : EventManager : Event: ======'machine_var_audits_switches_s_Left_Bumper'====== Args={'value': 76, 'prev_value': None, 'change': True}
2020-05-15 16:34:57,625 : INFO : EventManager : Event: ======'machine_var_audits_switches_s_Outlane_Left'====== Args={'value': 4, 'prev_value': None, 'change': True}
2020-05-15 16:34:57,626 : INFO : EventManager : Event: ======'machine_var_audits_switches_s_Outlane_Right'====== Args={'value': 3, 'prev_value': None, 'change': True}
2020-05-15 16:34:57,627 : INFO : EventManager : Event: ======'machine_var_audits_switches_s_Right_Bumper'====== Args={'value': 0, 'prev_value': None, 'change': True}
2020-05-15 16:34:57,628 : INFO : EventManager : Event: ======'machine_var_audits_switches_s_Roller_1000'====== Args={'value': 8, 'prev_value': None, 'change': True}
2020-05-15 16:34:57,628 : INFO : EventManager : Event: ======'machine_var_audits_switches_s_Rollover_1'====== Args={'value': 0, 'prev_value': None, 'change': True}
2020-05-15 16:34:57,629 : INFO : EventManager : Event: ======'machine_var_audits_switches_s_Rollover_2'====== Args={'value': 0, 'prev_value': None, 'change': True}
2020-05-15 16:34:57,630 : INFO : EventManager : Event: ======'machine_var_audits_switches_s_Rollover_3'====== Args={'value': 0, 'prev_value': None, 'change': True}
2020-05-15 16:34:57,632 : INFO : EventManager : Event: ======'machine_var_audits_switches_s_Rollover_4'====== Args={'value': 0, 'prev_value': None, 'change': True}
2020-05-15 16:34:57,633 : INFO : EventManager : Event: ======'machine_var_audits_switches_s_Rollover_5'====== Args={'value': 0, 'prev_value': None, 'change': True}
2020-05-15 16:34:57,634 : INFO : EventManager : Event: ======'machine_var_audits_switches_s_Rollover_6'====== Args={'value': 0, 'prev_value': None, 'change': True}
2020-05-15 16:34:57,634 : INFO : EventManager : Event: ======'machine_var_audits_switches_s_Rollover_7'====== Args={'value': 20, 'prev_value': None, 'change': True}
2020-05-15 16:34:57,635 : INFO : EventManager : Event: ======'machine_var_audits_switches_s_Rollover_8'====== Args={'value': 43, 'prev_value': None, 'change': True}
2020-05-15 16:34:57,636 : INFO : EventManager : Event: ======'machine_var_audits_switches_s_Rollover_9'====== Args={'value': 9, 'prev_value': None, 'change': True}
2020-05-15 16:34:57,638 : INFO : EventManager : Event: ======'machine_var_audits_switches_s_SPECIAL'====== Args={'value': 18, 'prev_value': None, 'change': True}
2020-05-15 16:34:57,639 : INFO : EventManager : Event: ======'machine_var_audits_switches_s_Slingshot_Left'====== Args={'value': 14, 'prev_value': None, 'change': True}
2020-05-15 16:34:57,640 : INFO : EventManager : Event: ======'machine_var_audits_switches_s_Slingshot_Right'====== Args={'value': 18, 'prev_value': None, 'change': True}
2020-05-15 16:34:57,641 : INFO : EventManager : Event: ======'machine_var_audits_switches_s_Start_Button'====== Args={'value': 3, 'prev_value': None, 'change': True}
2020-05-15 16:34:57,642 : INFO : EventManager : Event: ======'machine_var_audits_switches_s_Target_10'====== Args={'value': 54, 'prev_value': None, 'change': True}
2020-05-15 16:34:57,643 : INFO : EventManager : Event: ======'machine_var_audits_switches_s_Target_1000_Top'====== Args={'value': 15, 'prev_value': None, 'change': True}
2020-05-15 16:34:57,644 : INFO : EventManager : Event: ======'machine_var_audits_switches_s_Target_A'====== Args={'value': 11, 'prev_value': None, 'change': True}
2020-05-15 16:34:57,644 : INFO : EventManager : Event: ======'machine_var_audits_switches_s_Target_Adv_Bonus_Left_Bottom'====== Args={'value': 5, 'prev_value': None, 'change': True}
2020-05-15 16:34:57,645 : INFO : EventManager : Event: ======'machine_var_audits_switches_s_Target_Adv_Bonus_Left_Top'====== Args={'value': 17, 'prev_value': None, 'change': True}
2020-05-15 16:34:57,646 : INFO : EventManager : Event: ======'machine_var_audits_switches_s_Target_Adv_Bonus_Right_Top'====== Args={'value': 13, 'prev_value': None, 'change': True}
2020-05-15 16:34:57,647 : INFO : EventManager : Event: ======'machine_var_audits_switches_s_Target_J'====== Args={'value': 0, 'prev_value': None, 'change': True}
2020-05-15 16:34:57,648 : INFO : EventManager : Event: ======'machine_var_audits_switches_s_Target_K'====== Args={'value': 0, 'prev_value': None, 'change': True}
2020-05-15 16:34:57,648 : INFO : EventManager : Event: ======'machine_var_audits_switches_s_Target_Q'====== Args={'value': 0, 'prev_value': None, 'change': True}
2020-05-15 16:34:57,649 : INFO : EventManager : Event: ======'machine_var_audits_switches_s_Tilt_Plumb'====== Args={'value': 0, 'prev_value': None, 'change': True}
2020-05-15 16:34:57,650 : INFO : EventManager : Event: ======'machine_var_audits_switches_s_Tilt_Roll'====== Args={'value': 0, 'prev_value': None, 'change': True}
2020-05-15 16:34:57,651 : INFO : EventManager : Event: ======'machine_var_audits_switches_s_Tilt_playfield'====== Args={'value': 0, 'prev_value': None, 'change': True}
2020-05-15 16:34:57,652 : INFO : EventManager : Event: ======'machine_var_audits_switches_s_Top_Bumper'====== Args={'value': 62, 'prev_value': None, 'change': True}
2020-05-15 16:34:57,659 : INFO : EventManager : Event: ======'init_phase_5'====== Args={}
2020-05-15 16:34:57,685 : INFO : EventManager : Event: ======'init_done'====== Args={}
2020-05-15 16:34:57,686 : INFO : EventManager : Event: ======'machine_reset_phase_1'====== Args={}
2020-05-15 16:34:57,696 : INFO : EventManager : Event: ======'slide_welcome_slide_removed'====== Args={'_from_bcp': True}
2020-05-15 16:34:57,704 : INFO : EventManager : Event: ======'slide_welcome_slide_created'====== Args={'_from_bcp': True}
2020-05-15 16:34:57,708 : INFO : EventManager : Event: ======'slide_welcome_slide_active'====== Args={'_from_bcp': True}
2020-05-15 16:34:57,708 : INFO : EventManager : Event: ======'machine_reset_phase_2'====== Args={}
2020-05-15 16:34:57,709 : INFO : EventManager : Event: ======'machine_reset_phase_3'====== Args={}
2020-05-15 16:34:57,709 : INFO : EventManager : Event: ======'reset_complete'====== Args={}
2020-05-15 16:34:57,710 : INFO : EventManager : Event: ======'mode_attract_will_start'====== Args={}
2020-05-15 16:34:57,711 : INFO : EventManager : Event: ======'mode_attract_starting'====== Args={}
2020-05-15 16:34:57,712 : INFO : Mode.attract : Started. Priority: 10
2020-05-15 16:34:57,712 : INFO : EventManager : Event: ======'mode_attract_started'====== Args={}
2020-05-15 16:34:57,714 : INFO : EventManager : Event: ======'collecting_balls_complete'====== Args={}
2020-05-15 16:34:57,716 : INFO : Machine : Starting the main run loop.
2020-05-15 16:34:57,754 : INFO : EventManager : Event: ======'slide_awesome_slide_created'====== Args={'_from_bcp': True}
2020-05-15 16:34:57,756 : INFO : EventManager : Event: ======'slide_awesome_slide_active'====== Args={'_from_bcp': True}
2020-05-15 16:35:00,733 : INFO : EventManager : Event: ======'slide_press_start_created'====== Args={'_from_bcp': True}
2020-05-15 16:35:00,738 : INFO : EventManager : Event: ======'slide_press_start_active'====== Args={'_from_bcp': True}
2020-05-15 16:35:03,731 : INFO : EventManager : Event: ======'slide_mission_pinball_created'====== Args={'_from_bcp': True}
2020-05-15 16:35:03,735 : INFO : EventManager : Event: ======'slide_mission_pinball_active'====== Args={'_from_bcp': True}
2020-05-15 16:35:06,734 : INFO : EventManager : Event: ======'slide_last_game_score_slide_created'====== Args={'_from_bcp': True}
2020-05-15 16:35:06,738 : INFO : EventManager : Event: ======'slide_last_game_score_slide_active'====== Args={'_from_bcp': True}
2020-05-15 16:35:09,718 : INFO : EventManager : Event: ======'slide_awesome_slide_removed'====== Args={'_from_bcp': True}
2020-05-15 16:35:09,726 : INFO : EventManager : Event: ======'slide_awesome_slide_created'====== Args={'_from_bcp': True}
2020-05-15 16:35:09,726 : INFO : EventManager : Event: ======'slide_awesome_slide_active'====== Args={'_from_bcp': True}
2020-05-15 16:35:12,723 : INFO : EventManager : Event: ======'slide_press_start_removed'====== Args={'_from_bcp': True}
2020-05-15 16:35:12,729 : INFO : EventManager : Event: ======'slide_press_start_created'====== Args={'_from_bcp': True}
2020-05-15 16:35:12,734 : INFO : EventManager : Event: ======'slide_press_start_active'====== Args={'_from_bcp': True}
2020-05-15 16:35:15,728 : INFO : EventManager : Event: ======'slide_mission_pinball_removed'====== Args={'_from_bcp': True}
2020-05-15 16:35:15,732 : INFO : EventManager : Event: ======'slide_mission_pinball_created'====== Args={'_from_bcp': True}
2020-05-15 16:35:15,736 : INFO : EventManager : Event: ======'slide_mission_pinball_active'====== Args={'_from_bcp': True}
2020-05-15 16:35:18,719 : INFO : EventManager : Event: ======'slide_last_game_score_slide_removed'====== Args={'_from_bcp': True}
2020-05-15 16:35:18,727 : INFO : EventManager : Event: ======'slide_last_game_score_slide_created'====== Args={'_from_bcp': True}
2020-05-15 16:35:18,732 : INFO : EventManager : Event: ======'slide_last_game_score_slide_active'====== Args={'_from_bcp': True}
2020-05-15 16:35:21,727 : INFO : EventManager : Event: ======'slide_awesome_slide_removed'====== Args={'_from_bcp': True}
2020-05-15 16:35:21,733 : INFO : EventManager : Event: ======'slide_awesome_slide_created'====== Args={'_from_bcp': True}
2020-05-15 16:35:21,737 : INFO : EventManager : Event: ======'slide_awesome_slide_active'====== Args={'_from_bcp': True}
2020-05-15 16:35:23,931 : INFO : Machine : Shutting down...
2020-05-15 16:35:23,931 : INFO : EventManager : Event: ======'shutdown'====== Args={}
2020-05-15 16:35:23,934 : ERROR : OPP : Stop called on serial connection /dev/ttyACM2
2020-05-15 16:35:23,934 : ERROR : OPP : Stop called on serial connection /dev/ttyACM1
2020-05-15 16:35:23,934 : ERROR : OPP : Stop called on serial connection /dev/ttyACM0
2020-05-15 16:35:23,992 : INFO : root : MPF run loop ended.
