2020-05-15 16:55:25,823 : INFO : root : Loading config.
2020-05-15 16:55:26,916 : INFO : ConfigProcessor : Config spec file cache created: /tmp/config_spec.mpf_cache
2020-05-15 16:55:26,918 : INFO : YamlMultifileConfigLoader : Machine config file #1: config.yaml
2020-05-15 16:55:26,918 : WARNING : ConfigProcessor : Cache file not found: /tmp/f769d6d277b927631eb42efb29e773ab.mpf_cache
2020-05-15 16:55:26,918 : INFO : ConfigProcessor : Loading config from file /home/ben/.local/lib/python3.6/site-packages/mpf/mpfconfig.yaml.
2020-05-15 16:55:27,131 : INFO : ConfigProcessor : Loading config: /home/ben/.local/lib/python3.6/site-packages/mpf/mpfconfig.yaml
2020-05-15 16:55:27,132 : INFO : ConfigProcessor : Loading config from file /home/ben/pinball/config/config.yaml.
2020-05-15 16:55:27,274 : INFO : ConfigProcessor : Loading config: /home/ben/pinball/config/config.yaml
2020-05-15 16:55:27,277 : INFO : ConfigProcessor : Config file cache created: /tmp/f769d6d277b927631eb42efb29e773ab.mpf_cache
2020-05-15 16:55:27,406 : WARNING : ConfigProcessor : Cache file not found: /tmp/d964ef655ecb78b725ff15fc39405639.mpf_cache
2020-05-15 16:55:27,407 : INFO : ConfigProcessor : Loading config from file /home/ben/.local/lib/python3.6/site-packages/mpf/modes/attract/config/attract.yaml.
2020-05-15 16:55:27,411 : INFO : ConfigProcessor : Loading config: /home/ben/.local/lib/python3.6/site-packages/mpf/modes/attract/config/attract.yaml
2020-05-15 16:55:27,411 : INFO : ConfigProcessor : Loading config from file /home/ben/pinball/modes/attract/config/attract.yaml.
2020-05-15 16:55:27,416 : INFO : ConfigProcessor : Loading config: /home/ben/pinball/modes/attract/config/attract.yaml
2020-05-15 16:55:27,418 : INFO : ConfigProcessor : Config file cache created: /tmp/d964ef655ecb78b725ff15fc39405639.mpf_cache
2020-05-15 16:55:27,420 : WARNING : ConfigProcessor : Cache file not found: /tmp/47f1230cf12d95ec6fd446cbfe48c3da.mpf_cache
2020-05-15 16:55:27,420 : INFO : ConfigProcessor : Loading config from file /home/ben/.local/lib/python3.6/site-packages/mpf/modes/game/config/game.yaml.
2020-05-15 16:55:27,425 : INFO : ConfigProcessor : Loading config: /home/ben/.local/lib/python3.6/site-packages/mpf/modes/game/config/game.yaml
2020-05-15 16:55:27,425 : INFO : ConfigProcessor : Config file cache created: /tmp/47f1230cf12d95ec6fd446cbfe48c3da.mpf_cache
2020-05-15 16:55:27,426 : WARNING : ConfigProcessor : Cache file not found: /tmp/55abfb76abba0f6080480ef04b5360ae.mpf_cache
2020-05-15 16:55:27,426 : INFO : ConfigProcessor : Loading config from file /home/ben/pinball/modes/base/config/base.yaml.
2020-05-15 16:55:27,445 : INFO : ConfigProcessor : Loading config: /home/ben/pinball/modes/base/config/base.yaml
2020-05-15 16:55:27,445 : INFO : ConfigProcessor : Config file cache created: /tmp/55abfb76abba0f6080480ef04b5360ae.mpf_cache
2020-05-15 16:55:27,446 : INFO : ConfigProcessor : Loading config from cache: /tmp/d964ef655ecb78b725ff15fc39405639.mpf_cache
2020-05-15 16:55:27,447 : WARNING : ConfigProcessor : Cache file not found: /tmp/2546fcfb07b4b71824e8d811d5d3d1fc.mpf_cache
2020-05-15 16:55:27,447 : INFO : ConfigProcessor : Loading config from file /home/ben/pinball/modes/attract/shows/./attract_display_loop.yaml.
2020-05-15 16:55:27,484 : INFO : ConfigProcessor : Loading config: /home/ben/pinball/modes/attract/shows/./attract_display_loop.yaml
2020-05-15 16:55:27,484 : INFO : ConfigProcessor : Config file cache created: /tmp/2546fcfb07b4b71824e8d811d5d3d1fc.mpf_cache
2020-05-15 16:55:27,485 : WARNING : ConfigProcessor : Cache file not found: /tmp/bf35451000d8eb08d7cb6ca13d9c5b7d.mpf_cache
2020-05-15 16:55:27,485 : INFO : ConfigProcessor : Loading config from file /home/ben/pinball/modes/attract/shows/./attract_light_show.yaml.
2020-05-15 16:55:27,502 : INFO : ConfigProcessor : Loading config: /home/ben/pinball/modes/attract/shows/./attract_light_show.yaml
2020-05-15 16:55:27,503 : INFO : ConfigProcessor : Config file cache created: /tmp/bf35451000d8eb08d7cb6ca13d9c5b7d.mpf_cache
2020-05-15 16:55:27,505 : INFO : Machine : Mission Pinball Framework Core Engine v0.54.0-dev.34
2020-05-15 16:55:27,505 : INFO : Machine : Command line arguments: {'no_load_cache': False, 'create_config_cache': True, 'bcp': True, 'configfile': ['config.yaml'], 'force_assets_load': False, 'jsonlogging': False, 'logfile': 'logs/2020-05-15-16-55-25-mpf-pinball.log', 'pause': False, 'production': False, 'text_ui': True, 'loglevel': 15, 'consoleloglevel': 20, 'force_platform': None, 'syslog_address': None, 'mc_file_name': None, 'no_sound': False}
2020-05-15 16:55:27,505 : INFO : Machine : MPF path: /home/ben/.local/lib/python3.6/site-packages/mpf
2020-05-15 16:55:27,505 : INFO : Machine : Machine path: /home/ben/pinball
2020-05-15 16:55:27,505 : INFO : Machine : Platform: linux
2020-05-15 16:55:27,505 : INFO : Machine : Python executable location: /usr/bin/python3
2020-05-15 16:55:27,506 : INFO : Machine : Python version: 3.6.9 (64-bit)
2020-05-15 16:55:27,507 : INFO : Machine : Initialise MPF.
2020-05-15 16:55:27,668 : INFO : OPP : Connecting to /dev/ttyACM1 at 115200bps
2020-05-15 16:55:27,699 : INFO : OPP : Init of OPP board 0 done
2020-05-15 16:55:27,699 : INFO : OPP : Connecting to /dev/ttyACM0 at 115200bps
2020-05-15 16:55:27,733 : INFO : OPP : Init of OPP board 1 done
2020-05-15 16:55:27,733 : INFO : OPP : Connecting to /dev/ttyACM2 at 115200bps
2020-05-15 16:55:27,764 : INFO : OPP : Init of OPP board 2 done
2020-05-15 16:55:27,765 : INFO : EventManager : Event: ======'machine_var_credits_string'====== Args={'value': 'FREE PLAY', 'prev_value': None, 'change': True}
2020-05-15 16:55:27,854 : INFO : EventManager : Event: ======'machine_var_player1_score'====== Args={'value': 500, 'prev_value': None, 'change': True}
2020-05-15 16:55:27,854 : INFO : EventManager : Event: ======'machine_var_mpf_version'====== Args={'value': 'MPF v0.54.0-dev.34', 'prev_value': None, 'change': True}
2020-05-15 16:55:27,854 : INFO : EventManager : Event: ======'machine_var_mpf_extended_version'====== Args={'value': 'MPF v0.54.0-dev.34, Config version:5, Show version: 5, BCP version:1.1', 'prev_value': None, 'change': True}
2020-05-15 16:55:27,854 : INFO : EventManager : Event: ======'machine_var_python_version'====== Args={'value': '3.6.9', 'prev_value': None, 'change': True}
2020-05-15 16:55:27,857 : INFO : EventManager : Event: ======'machine_var_platform'====== Args={'value': 'Linux-5.3.0-51-generic-x86_64-with-Ubuntu-18.04-bionic', 'prev_value': None, 'change': True}
2020-05-15 16:55:27,857 : INFO : EventManager : Event: ======'machine_var_platform_system'====== Args={'value': 'Linux', 'prev_value': None, 'change': True}
2020-05-15 16:55:27,857 : INFO : EventManager : Event: ======'machine_var_platform_release'====== Args={'value': '5.3.0-51-generic', 'prev_value': None, 'change': True}
2020-05-15 16:55:27,857 : INFO : EventManager : Event: ======'machine_var_platform_version'====== Args={'value': '#44~18.04.2-Ubuntu SMP Thu Apr 23 14:27:18 UTC 2020', 'prev_value': None, 'change': True}
2020-05-15 16:55:27,858 : INFO : EventManager : Event: ======'machine_var_platform_machine'====== Args={'value': 'x86_64', 'prev_value': None, 'change': True}
2020-05-15 16:55:27,858 : INFO : EventManager : Event: ======'init_phase_1'====== Args={}
2020-05-15 16:55:27,971 : INFO : EventManager : Event: ======'init_phase_2'====== Args={}
2020-05-15 16:55:27,984 : INFO : EventManager : Event: ======'bcp_connection_attempt'====== Args={'name': 'local_display', 'host': 'localhost', 'port': 5050}
2020-05-15 16:55:27,988 : INFO : BCPClientSocket : Connecting BCP to 'local_display' at localhost:5050...
2020-05-15 16:55:28,521 : INFO : BCPClientSocket : Connected BCP to 'local_display' localhost:5050
2020-05-15 16:55:28,522 : INFO : EventManager : Event: ======'bcp_clients_connected'====== Args={}
2020-05-15 16:55:28,523 : INFO : ball_device.bd_drain : State: idle
2020-05-15 16:55:28,562 : INFO : EventManager : Event: ======'init_phase_3'====== Args={}
2020-05-15 16:55:28,575 : INFO : EventManager : Event: ======'init_phase_4'====== Args={}
2020-05-15 16:55:28,578 : INFO : EventManager : Event: ======'machine_var_audits_events_game_ended'====== Args={'value': 3, 'prev_value': None, 'change': True}
2020-05-15 16:55:28,579 : INFO : EventManager : Event: ======'machine_var_audits_events_game_started'====== Args={'value': 3, 'prev_value': None, 'change': True}
2020-05-15 16:55:28,579 : INFO : EventManager : Event: ======'machine_var_audits_player_score'====== Args={'value': {'average': 540.0, 'top': [600, 600, 600, 400, 300], 'total': 5}, 'prev_value': None, 'change': True}
2020-05-15 16:55:28,579 : INFO : EventManager : Event: ======'machine_var_audits_switches_s_Drain'====== Args={'value': 63, 'prev_value': None, 'change': True}
2020-05-15 16:55:28,580 : INFO : EventManager : Event: ======'machine_var_audits_switches_s_Flipper_Left_Bottom'====== Args={'value': 228, 'prev_value': None, 'change': True}
2020-05-15 16:55:28,580 : INFO : EventManager : Event: ======'machine_var_audits_switches_s_Flipper_Left_Top'====== Args={'value': 210, 'prev_value': None, 'change': True}
2020-05-15 16:55:28,580 : INFO : EventManager : Event: ======'machine_var_audits_switches_s_Flipper_Right_Bottom'====== Args={'value': 221, 'prev_value': None, 'change': True}
2020-05-15 16:55:28,580 : INFO : EventManager : Event: ======'machine_var_audits_switches_s_Flipper_Right_Top'====== Args={'value': 221, 'prev_value': None, 'change': True}
2020-05-15 16:55:28,581 : INFO : EventManager : Event: ======'machine_var_audits_switches_s_Inlane_Bottom'====== Args={'value': 9, 'prev_value': None, 'change': True}
2020-05-15 16:55:28,581 : INFO : EventManager : Event: ======'machine_var_audits_switches_s_Lane_Top_Left'====== Args={'value': 7, 'prev_value': None, 'change': True}
2020-05-15 16:55:28,581 : INFO : EventManager : Event: ======'machine_var_audits_switches_s_Lane_Top_Right'====== Args={'value': 25, 'prev_value': None, 'change': True}
2020-05-15 16:55:28,582 : INFO : EventManager : Event: ======'machine_var_audits_switches_s_Left_Bumper'====== Args={'value': 76, 'prev_value': None, 'change': True}
2020-05-15 16:55:28,582 : INFO : EventManager : Event: ======'machine_var_audits_switches_s_Outlane_Left'====== Args={'value': 4, 'prev_value': None, 'change': True}
2020-05-15 16:55:28,582 : INFO : EventManager : Event: ======'machine_var_audits_switches_s_Outlane_Right'====== Args={'value': 3, 'prev_value': None, 'change': True}
2020-05-15 16:55:28,583 : INFO : EventManager : Event: ======'machine_var_audits_switches_s_Right_Bumper'====== Args={'value': 0, 'prev_value': None, 'change': True}
2020-05-15 16:55:28,583 : INFO : EventManager : Event: ======'machine_var_audits_switches_s_Roller_1000'====== Args={'value': 10, 'prev_value': None, 'change': True}
2020-05-15 16:55:28,583 : INFO : EventManager : Event: ======'machine_var_audits_switches_s_Rollover_1'====== Args={'value': 0, 'prev_value': None, 'change': True}
2020-05-15 16:55:28,584 : INFO : EventManager : Event: ======'machine_var_audits_switches_s_Rollover_2'====== Args={'value': 0, 'prev_value': None, 'change': True}
2020-05-15 16:55:28,584 : INFO : EventManager : Event: ======'machine_var_audits_switches_s_Rollover_3'====== Args={'value': 0, 'prev_value': None, 'change': True}
2020-05-15 16:55:28,585 : INFO : EventManager : Event: ======'machine_var_audits_switches_s_Rollover_4'====== Args={'value': 0, 'prev_value': None, 'change': True}
2020-05-15 16:55:28,585 : INFO : EventManager : Event: ======'machine_var_audits_switches_s_Rollover_5'====== Args={'value': 0, 'prev_value': None, 'change': True}
2020-05-15 16:55:28,586 : INFO : EventManager : Event: ======'machine_var_audits_switches_s_Rollover_6'====== Args={'value': 0, 'prev_value': None, 'change': True}
2020-05-15 16:55:28,586 : INFO : EventManager : Event: ======'machine_var_audits_switches_s_Rollover_7'====== Args={'value': 20, 'prev_value': None, 'change': True}
2020-05-15 16:55:28,586 : INFO : EventManager : Event: ======'machine_var_audits_switches_s_Rollover_8'====== Args={'value': 43, 'prev_value': None, 'change': True}
2020-05-15 16:55:28,587 : INFO : EventManager : Event: ======'machine_var_audits_switches_s_Rollover_9'====== Args={'value': 9, 'prev_value': None, 'change': True}
2020-05-15 16:55:28,587 : INFO : EventManager : Event: ======'machine_var_audits_switches_s_SPECIAL'====== Args={'value': 18, 'prev_value': None, 'change': True}
2020-05-15 16:55:28,588 : INFO : EventManager : Event: ======'machine_var_audits_switches_s_Slingshot_Left'====== Args={'value': 14, 'prev_value': None, 'change': True}
2020-05-15 16:55:28,588 : INFO : EventManager : Event: ======'machine_var_audits_switches_s_Slingshot_Right'====== Args={'value': 18, 'prev_value': None, 'change': True}
2020-05-15 16:55:28,588 : INFO : EventManager : Event: ======'machine_var_audits_switches_s_Start_Button'====== Args={'value': 3, 'prev_value': None, 'change': True}
2020-05-15 16:55:28,589 : INFO : EventManager : Event: ======'machine_var_audits_switches_s_Target_10'====== Args={'value': 54, 'prev_value': None, 'change': True}
2020-05-15 16:55:28,590 : INFO : EventManager : Event: ======'machine_var_audits_switches_s_Target_1000_Top'====== Args={'value': 15, 'prev_value': None, 'change': True}
2020-05-15 16:55:28,590 : INFO : EventManager : Event: ======'machine_var_audits_switches_s_Target_A'====== Args={'value': 11, 'prev_value': None, 'change': True}
2020-05-15 16:55:28,591 : INFO : EventManager : Event: ======'machine_var_audits_switches_s_Target_Adv_Bonus_Left_Bottom'====== Args={'value': 5, 'prev_value': None, 'change': True}
2020-05-15 16:55:28,592 : INFO : EventManager : Event: ======'machine_var_audits_switches_s_Target_Adv_Bonus_Left_Top'====== Args={'value': 17, 'prev_value': None, 'change': True}
2020-05-15 16:55:28,592 : INFO : EventManager : Event: ======'machine_var_audits_switches_s_Target_Adv_Bonus_Right_Top'====== Args={'value': 13, 'prev_value': None, 'change': True}
2020-05-15 16:55:28,593 : INFO : EventManager : Event: ======'machine_var_audits_switches_s_Target_J'====== Args={'value': 0, 'prev_value': None, 'change': True}
2020-05-15 16:55:28,593 : INFO : EventManager : Event: ======'machine_var_audits_switches_s_Target_K'====== Args={'value': 0, 'prev_value': None, 'change': True}
2020-05-15 16:55:28,594 : INFO : EventManager : Event: ======'machine_var_audits_switches_s_Target_Q'====== Args={'value': 0, 'prev_value': None, 'change': True}
2020-05-15 16:55:28,594 : INFO : EventManager : Event: ======'machine_var_audits_switches_s_Tilt_Plumb'====== Args={'value': 0, 'prev_value': None, 'change': True}
2020-05-15 16:55:28,598 : INFO : EventManager : Event: ======'machine_var_audits_switches_s_Tilt_Roll'====== Args={'value': 0, 'prev_value': None, 'change': True}
2020-05-15 16:55:28,599 : INFO : EventManager : Event: ======'machine_var_audits_switches_s_Tilt_playfield'====== Args={'value': 0, 'prev_value': None, 'change': True}
2020-05-15 16:55:28,599 : INFO : EventManager : Event: ======'machine_var_audits_switches_s_Top_Bumper'====== Args={'value': 64, 'prev_value': None, 'change': True}
2020-05-15 16:55:28,600 : INFO : EventManager : Event: ======'init_phase_5'====== Args={}
2020-05-15 16:55:28,628 : INFO : EventManager : Event: ======'slide_welcome_slide_created'====== Args={'_from_bcp': True}
2020-05-15 16:55:28,628 : INFO : EventManager : Event: ======'slide_welcome_slide_active'====== Args={'_from_bcp': True}
2020-05-15 16:55:28,628 : INFO : EventManager : Event: ======'init_done'====== Args={}
2020-05-15 16:55:28,633 : INFO : EventManager : Event: ======'machine_var_mc_version'====== Args={'value': 'MPF-MC v0.54.0-dev.7', 'prev_value': None, 'change': True}
2020-05-15 16:55:28,634 : INFO : EventManager : Event: ======'machine_var_mc_extended_version'====== Args={'value': 'MPF-MC v0.54.0-dev.7 (config_version=5, BCP v1.1, Requires MPF v0.54.0-dev.0)', 'prev_value': None, 'change': True}
2020-05-15 16:55:28,643 : INFO : EventManager : Event: ======'machine_var_master_volume'====== Args={'value': 0.5, 'prev_value': None, 'change': True}
2020-05-15 16:55:28,644 : INFO : EventManager : Event: ======'machine_reset_phase_1'====== Args={}
2020-05-15 16:55:28,670 : INFO : EventManager : Event: ======'slide_welcome_slide_removed'====== Args={'_from_bcp': True}
2020-05-15 16:55:28,674 : INFO : EventManager : Event: ======'slide_welcome_slide_created'====== Args={'_from_bcp': True}
2020-05-15 16:55:28,677 : INFO : EventManager : Event: ======'slide_welcome_slide_active'====== Args={'_from_bcp': True}
2020-05-15 16:55:28,720 : INFO : EventManager : Event: ======'machine_reset_phase_2'====== Args={}
2020-05-15 16:55:28,721 : INFO : EventManager : Event: ======'machine_reset_phase_3'====== Args={}
2020-05-15 16:55:28,721 : INFO : EventManager : Event: ======'reset_complete'====== Args={}
2020-05-15 16:55:28,721 : INFO : EventManager : Event: ======'mode_attract_will_start'====== Args={}
2020-05-15 16:55:28,723 : INFO : EventManager : Event: ======'mode_attract_starting'====== Args={}
2020-05-15 16:55:28,723 : INFO : Mode.attract : Started. Priority: 10
2020-05-15 16:55:28,724 : INFO : EventManager : Event: ======'mode_attract_started'====== Args={}
2020-05-15 16:55:28,726 : INFO : EventManager : Event: ======'collecting_balls_complete'====== Args={}
2020-05-15 16:55:28,728 : INFO : Machine : Starting the main run loop.
2020-05-15 16:55:28,767 : INFO : EventManager : Event: ======'slide_awesome_slide_created'====== Args={'_from_bcp': True}
2020-05-15 16:55:28,768 : INFO : EventManager : Event: ======'slide_awesome_slide_active'====== Args={'_from_bcp': True}
2020-05-15 16:55:31,743 : INFO : EventManager : Event: ======'slide_press_start_created'====== Args={'_from_bcp': True}
2020-05-15 16:55:31,747 : INFO : EventManager : Event: ======'slide_press_start_active'====== Args={'_from_bcp': True}
2020-05-15 16:55:34,741 : INFO : EventManager : Event: ======'slide_mission_pinball_created'====== Args={'_from_bcp': True}
2020-05-15 16:55:34,745 : INFO : EventManager : Event: ======'slide_mission_pinball_active'====== Args={'_from_bcp': True}
2020-05-15 16:55:37,759 : INFO : EventManager : Event: ======'slide_last_game_score_slide_created'====== Args={'_from_bcp': True}
2020-05-15 16:55:37,761 : INFO : EventManager : Event: ======'slide_last_game_score_slide_active'====== Args={'_from_bcp': True}
2020-05-15 16:55:40,736 : INFO : EventManager : Event: ======'slide_awesome_slide_removed'====== Args={'_from_bcp': True}
2020-05-15 16:55:40,741 : INFO : EventManager : Event: ======'slide_awesome_slide_created'====== Args={'_from_bcp': True}
2020-05-15 16:55:40,746 : INFO : EventManager : Event: ======'slide_awesome_slide_active'====== Args={'_from_bcp': True}
2020-05-15 16:55:43,739 : INFO : EventManager : Event: ======'slide_press_start_removed'====== Args={'_from_bcp': True}
2020-05-15 16:55:43,751 : INFO : EventManager : Event: ======'slide_press_start_created'====== Args={'_from_bcp': True}
2020-05-15 16:55:43,756 : INFO : EventManager : Event: ======'slide_press_start_active'====== Args={'_from_bcp': True}
2020-05-15 16:55:46,734 : INFO : EventManager : Event: ======'slide_mission_pinball_removed'====== Args={'_from_bcp': True}
2020-05-15 16:55:46,738 : INFO : EventManager : Event: ======'slide_mission_pinball_created'====== Args={'_from_bcp': True}
2020-05-15 16:55:46,742 : INFO : EventManager : Event: ======'slide_mission_pinball_active'====== Args={'_from_bcp': True}
2020-05-15 16:55:49,739 : INFO : EventManager : Event: ======'slide_last_game_score_slide_removed'====== Args={'_from_bcp': True}
2020-05-15 16:55:49,747 : INFO : EventManager : Event: ======'slide_last_game_score_slide_created'====== Args={'_from_bcp': True}
2020-05-15 16:55:49,751 : INFO : EventManager : Event: ======'slide_last_game_score_slide_active'====== Args={'_from_bcp': True}
2020-05-15 16:55:52,733 : INFO : EventManager : Event: ======'slide_awesome_slide_removed'====== Args={'_from_bcp': True}
2020-05-15 16:55:52,738 : INFO : EventManager : Event: ======'slide_awesome_slide_created'====== Args={'_from_bcp': True}
2020-05-15 16:55:52,742 : INFO : EventManager : Event: ======'slide_awesome_slide_active'====== Args={'_from_bcp': True}
2020-05-15 16:55:55,735 : INFO : EventManager : Event: ======'slide_press_start_removed'====== Args={'_from_bcp': True}
2020-05-15 16:55:55,738 : INFO : EventManager : Event: ======'slide_press_start_created'====== Args={'_from_bcp': True}
2020-05-15 16:55:55,744 : INFO : EventManager : Event: ======'slide_press_start_active'====== Args={'_from_bcp': True}
2020-05-15 16:55:58,738 : INFO : EventManager : Event: ======'slide_mission_pinball_removed'====== Args={'_from_bcp': True}
2020-05-15 16:55:58,743 : INFO : EventManager : Event: ======'slide_mission_pinball_created'====== Args={'_from_bcp': True}
2020-05-15 16:55:58,745 : INFO : EventManager : Event: ======'slide_mission_pinball_active'====== Args={'_from_bcp': True}
2020-05-15 16:56:01,743 : INFO : EventManager : Event: ======'slide_last_game_score_slide_removed'====== Args={'_from_bcp': True}
2020-05-15 16:56:01,750 : INFO : EventManager : Event: ======'slide_last_game_score_slide_created'====== Args={'_from_bcp': True}
2020-05-15 16:56:01,754 : INFO : EventManager : Event: ======'slide_last_game_score_slide_active'====== Args={'_from_bcp': True}
2020-05-15 16:56:04,601 : INFO : Machine : Shutting down...
2020-05-15 16:56:04,602 : INFO : EventManager : Event: ======'shutdown'====== Args={}
2020-05-15 16:56:04,604 : ERROR : OPP : Stop called on serial connection /dev/ttyACM2
2020-05-15 16:56:04,605 : ERROR : OPP : Stop called on serial connection /dev/ttyACM1
2020-05-15 16:56:04,605 : ERROR : OPP : Stop called on serial connection /dev/ttyACM0
2020-05-15 16:56:04,661 : INFO : root : MPF run loop ended.
