2020-05-15 17:03:59,792 : INFO : root : Loading config.
2020-05-15 17:03:59,797 : INFO : YamlMultifileConfigLoader : Machine config file #1: config.yaml
2020-05-15 17:03:59,798 : INFO : ConfigProcessor : Loading config from cache: /tmp/f769d6d277b927631eb42efb29e773ab.mpf_cache
2020-05-15 17:03:59,908 : INFO : ConfigProcessor : Loading config from cache: /tmp/d964ef655ecb78b725ff15fc39405639.mpf_cache
2020-05-15 17:03:59,908 : INFO : ConfigProcessor : Loading config from cache: /tmp/47f1230cf12d95ec6fd446cbfe48c3da.mpf_cache
2020-05-15 17:03:59,909 : INFO : ConfigProcessor : Loading config from cache: /tmp/55abfb76abba0f6080480ef04b5360ae.mpf_cache
2020-05-15 17:03:59,910 : INFO : ConfigProcessor : Loading config from cache: /tmp/d964ef655ecb78b725ff15fc39405639.mpf_cache
2020-05-15 17:03:59,911 : INFO : ConfigProcessor : Loading config from cache: /tmp/2546fcfb07b4b71824e8d811d5d3d1fc.mpf_cache
2020-05-15 17:03:59,911 : WARNING : ConfigProcessor : Config file in cache changed: /home/ben/pinball/modes/attract/shows/./attract_light_show.yaml
2020-05-15 17:03:59,912 : INFO : ConfigProcessor : Loading config from file /home/ben/pinball/modes/attract/shows/./attract_light_show.yaml.
2020-05-15 17:03:59,929 : INFO : ConfigProcessor : Loading config: /home/ben/pinball/modes/attract/shows/./attract_light_show.yaml
2020-05-15 17:03:59,929 : INFO : ConfigProcessor : Config file cache created: /tmp/bf35451000d8eb08d7cb6ca13d9c5b7d.mpf_cache
2020-05-15 17:03:59,930 : INFO : Machine : Mission Pinball Framework Core Engine v0.54.0-dev.34
2020-05-15 17:03:59,930 : INFO : Machine : Command line arguments: {'no_load_cache': False, 'create_config_cache': True, 'bcp': True, 'configfile': ['config.yaml'], 'force_assets_load': False, 'jsonlogging': False, 'logfile': 'logs/2020-05-15-17-03-59-mpf-pinball.log', 'pause': False, 'production': False, 'text_ui': True, 'loglevel': 15, 'consoleloglevel': 20, 'force_platform': None, 'syslog_address': None, 'mc_file_name': None, 'no_sound': False}
2020-05-15 17:03:59,931 : INFO : Machine : MPF path: /home/ben/.local/lib/python3.6/site-packages/mpf
2020-05-15 17:03:59,931 : INFO : Machine : Machine path: /home/ben/pinball
2020-05-15 17:03:59,931 : INFO : Machine : Platform: linux
2020-05-15 17:03:59,931 : INFO : Machine : Python executable location: /usr/bin/python3
2020-05-15 17:03:59,931 : INFO : Machine : Python version: 3.6.9 (64-bit)
2020-05-15 17:03:59,933 : INFO : Machine : Initialise MPF.
2020-05-15 17:04:00,075 : INFO : OPP : Connecting to /dev/ttyACM1 at 115200bps
2020-05-15 17:04:00,110 : INFO : OPP : Init of OPP board 0 done
2020-05-15 17:04:00,110 : INFO : OPP : Connecting to /dev/ttyACM0 at 115200bps
2020-05-15 17:04:00,139 : INFO : OPP : Init of OPP board 1 done
2020-05-15 17:04:00,139 : INFO : OPP : Connecting to /dev/ttyACM2 at 115200bps
2020-05-15 17:04:00,167 : INFO : OPP : Init of OPP board 2 done
2020-05-15 17:04:00,168 : INFO : EventManager : Event: ======'machine_var_credits_string'====== Args={'value': 'FREE PLAY', 'prev_value': None, 'change': True}
2020-05-15 17:04:00,238 : INFO : EventManager : Event: ======'machine_var_player1_score'====== Args={'value': 600, 'prev_value': None, 'change': True}
2020-05-15 17:04:00,240 : INFO : EventManager : Event: ======'machine_var_mpf_version'====== Args={'value': 'MPF v0.54.0-dev.34', 'prev_value': None, 'change': True}
2020-05-15 17:04:00,240 : INFO : EventManager : Event: ======'machine_var_mpf_extended_version'====== Args={'value': 'MPF v0.54.0-dev.34, Config version:5, Show version: 5, BCP version:1.1', 'prev_value': None, 'change': True}
2020-05-15 17:04:00,240 : INFO : EventManager : Event: ======'machine_var_python_version'====== Args={'value': '3.6.9', 'prev_value': None, 'change': True}
2020-05-15 17:04:00,242 : INFO : EventManager : Event: ======'machine_var_platform'====== Args={'value': 'Linux-5.3.0-51-generic-x86_64-with-Ubuntu-18.04-bionic', 'prev_value': None, 'change': True}
2020-05-15 17:04:00,242 : INFO : EventManager : Event: ======'machine_var_platform_system'====== Args={'value': 'Linux', 'prev_value': None, 'change': True}
2020-05-15 17:04:00,243 : INFO : EventManager : Event: ======'machine_var_platform_release'====== Args={'value': '5.3.0-51-generic', 'prev_value': None, 'change': True}
2020-05-15 17:04:00,243 : INFO : EventManager : Event: ======'machine_var_platform_version'====== Args={'value': '#44~18.04.2-Ubuntu SMP Thu Apr 23 14:27:18 UTC 2020', 'prev_value': None, 'change': True}
2020-05-15 17:04:00,243 : INFO : EventManager : Event: ======'machine_var_platform_machine'====== Args={'value': 'x86_64', 'prev_value': None, 'change': True}
2020-05-15 17:04:00,243 : INFO : EventManager : Event: ======'init_phase_1'====== Args={}
2020-05-15 17:04:00,298 : INFO : EventManager : Event: ======'init_phase_2'====== Args={}
2020-05-15 17:04:00,300 : INFO : SwitchController : Found active switch: ('0-0-18', <Platform.OPP>)
2020-05-15 17:04:00,312 : INFO : EventManager : Event: ======'bcp_connection_attempt'====== Args={'name': 'local_display', 'host': 'localhost', 'port': 5050}
2020-05-15 17:04:00,318 : INFO : BCPClientSocket : Connecting BCP to 'local_display' at localhost:5050...
2020-05-15 17:04:01,970 : INFO : BCPClientSocket : Connected BCP to 'local_display' localhost:5050
2020-05-15 17:04:01,972 : INFO : EventManager : Event: ======'bcp_clients_connected'====== Args={}
2020-05-15 17:04:01,974 : INFO : ball_device.bd_drain : State: idle
2020-05-15 17:04:02,004 : INFO : EventManager : Event: ======'init_phase_3'====== Args={}
2020-05-15 17:04:02,026 : INFO : EventManager : Event: ======'machine_var_mc_version'====== Args={'value': 'MPF-MC v0.54.0-dev.7', 'prev_value': None, 'change': True}
2020-05-15 17:04:02,027 : INFO : EventManager : Event: ======'machine_var_mc_extended_version'====== Args={'value': 'MPF-MC v0.54.0-dev.7 (config_version=5, BCP v1.1, Requires MPF v0.54.0-dev.0)', 'prev_value': None, 'change': True}
2020-05-15 17:04:02,031 : INFO : EventManager : Event: ======'machine_var_master_volume'====== Args={'value': 0.5, 'prev_value': None, 'change': True}
2020-05-15 17:04:02,032 : INFO : EventManager : Event: ======'init_phase_4'====== Args={}
2020-05-15 17:04:02,057 : INFO : EventManager : Event: ======'machine_var_audits_events_game_ended'====== Args={'value': 3, 'prev_value': None, 'change': True}
2020-05-15 17:04:02,058 : INFO : EventManager : Event: ======'machine_var_audits_events_game_started'====== Args={'value': 3, 'prev_value': None, 'change': True}
2020-05-15 17:04:02,058 : INFO : EventManager : Event: ======'machine_var_audits_player_score'====== Args={'value': {'average': 540.0, 'top': [600, 600, 600, 400, 300], 'total': 5}, 'prev_value': None, 'change': True}
2020-05-15 17:04:02,059 : INFO : EventManager : Event: ======'machine_var_audits_switches_s_Drain'====== Args={'value': 66, 'prev_value': None, 'change': True}
2020-05-15 17:04:02,060 : INFO : EventManager : Event: ======'machine_var_audits_switches_s_Flipper_Left_Bottom'====== Args={'value': 228, 'prev_value': None, 'change': True}
2020-05-15 17:04:02,061 : INFO : EventManager : Event: ======'machine_var_audits_switches_s_Flipper_Left_Top'====== Args={'value': 210, 'prev_value': None, 'change': True}
2020-05-15 17:04:02,061 : INFO : EventManager : Event: ======'machine_var_audits_switches_s_Flipper_Right_Bottom'====== Args={'value': 221, 'prev_value': None, 'change': True}
2020-05-15 17:04:02,062 : INFO : EventManager : Event: ======'machine_var_audits_switches_s_Flipper_Right_Top'====== Args={'value': 221, 'prev_value': None, 'change': True}
2020-05-15 17:04:02,063 : INFO : EventManager : Event: ======'machine_var_audits_switches_s_Inlane_Bottom'====== Args={'value': 9, 'prev_value': None, 'change': True}
2020-05-15 17:04:02,063 : INFO : EventManager : Event: ======'machine_var_audits_switches_s_Lane_Top_Left'====== Args={'value': 7, 'prev_value': None, 'change': True}
2020-05-15 17:04:02,064 : INFO : EventManager : Event: ======'machine_var_audits_switches_s_Lane_Top_Right'====== Args={'value': 28, 'prev_value': None, 'change': True}
2020-05-15 17:04:02,064 : INFO : EventManager : Event: ======'machine_var_audits_switches_s_Left_Bumper'====== Args={'value': 76, 'prev_value': None, 'change': True}
2020-05-15 17:04:02,065 : INFO : EventManager : Event: ======'machine_var_audits_switches_s_Outlane_Left'====== Args={'value': 4, 'prev_value': None, 'change': True}
2020-05-15 17:04:02,066 : INFO : EventManager : Event: ======'machine_var_audits_switches_s_Outlane_Right'====== Args={'value': 3, 'prev_value': None, 'change': True}
2020-05-15 17:04:02,066 : INFO : EventManager : Event: ======'machine_var_audits_switches_s_Right_Bumper'====== Args={'value': 0, 'prev_value': None, 'change': True}
2020-05-15 17:04:02,067 : INFO : EventManager : Event: ======'machine_var_audits_switches_s_Roller_1000'====== Args={'value': 10, 'prev_value': None, 'change': True}
2020-05-15 17:04:02,067 : INFO : EventManager : Event: ======'machine_var_audits_switches_s_Rollover_1'====== Args={'value': 0, 'prev_value': None, 'change': True}
2020-05-15 17:04:02,068 : INFO : EventManager : Event: ======'machine_var_audits_switches_s_Rollover_2'====== Args={'value': 0, 'prev_value': None, 'change': True}
2020-05-15 17:04:02,069 : INFO : EventManager : Event: ======'machine_var_audits_switches_s_Rollover_3'====== Args={'value': 0, 'prev_value': None, 'change': True}
2020-05-15 17:04:02,069 : INFO : EventManager : Event: ======'machine_var_audits_switches_s_Rollover_4'====== Args={'value': 0, 'prev_value': None, 'change': True}
2020-05-15 17:04:02,070 : INFO : EventManager : Event: ======'machine_var_audits_switches_s_Rollover_5'====== Args={'value': 0, 'prev_value': None, 'change': True}
2020-05-15 17:04:02,071 : INFO : EventManager : Event: ======'machine_var_audits_switches_s_Rollover_6'====== Args={'value': 0, 'prev_value': None, 'change': True}
2020-05-15 17:04:02,071 : INFO : EventManager : Event: ======'machine_var_audits_switches_s_Rollover_7'====== Args={'value': 20, 'prev_value': None, 'change': True}
2020-05-15 17:04:02,072 : INFO : EventManager : Event: ======'machine_var_audits_switches_s_Rollover_8'====== Args={'value': 43, 'prev_value': None, 'change': True}
2020-05-15 17:04:02,073 : INFO : EventManager : Event: ======'machine_var_audits_switches_s_Rollover_9'====== Args={'value': 9, 'prev_value': None, 'change': True}
2020-05-15 17:04:02,080 : INFO : EventManager : Event: ======'machine_var_audits_switches_s_SPECIAL'====== Args={'value': 18, 'prev_value': None, 'change': True}
2020-05-15 17:04:02,081 : INFO : EventManager : Event: ======'machine_var_audits_switches_s_Slingshot_Left'====== Args={'value': 14, 'prev_value': None, 'change': True}
2020-05-15 17:04:02,081 : INFO : EventManager : Event: ======'machine_var_audits_switches_s_Slingshot_Right'====== Args={'value': 19, 'prev_value': None, 'change': True}
2020-05-15 17:04:02,082 : INFO : EventManager : Event: ======'machine_var_audits_switches_s_Start_Button'====== Args={'value': 3, 'prev_value': None, 'change': True}
2020-05-15 17:04:02,083 : INFO : EventManager : Event: ======'machine_var_audits_switches_s_Target_10'====== Args={'value': 54, 'prev_value': None, 'change': True}
2020-05-15 17:04:02,084 : INFO : EventManager : Event: ======'machine_var_audits_switches_s_Target_1000_Top'====== Args={'value': 15, 'prev_value': None, 'change': True}
2020-05-15 17:04:02,085 : INFO : EventManager : Event: ======'machine_var_audits_switches_s_Target_A'====== Args={'value': 11, 'prev_value': None, 'change': True}
2020-05-15 17:04:02,086 : INFO : EventManager : Event: ======'machine_var_audits_switches_s_Target_Adv_Bonus_Left_Bottom'====== Args={'value': 5, 'prev_value': None, 'change': True}
2020-05-15 17:04:02,086 : INFO : EventManager : Event: ======'machine_var_audits_switches_s_Target_Adv_Bonus_Left_Top'====== Args={'value': 17, 'prev_value': None, 'change': True}
2020-05-15 17:04:02,087 : INFO : EventManager : Event: ======'machine_var_audits_switches_s_Target_Adv_Bonus_Right_Top'====== Args={'value': 13, 'prev_value': None, 'change': True}
2020-05-15 17:04:02,088 : INFO : EventManager : Event: ======'machine_var_audits_switches_s_Target_J'====== Args={'value': 0, 'prev_value': None, 'change': True}
2020-05-15 17:04:02,090 : INFO : EventManager : Event: ======'machine_var_audits_switches_s_Target_K'====== Args={'value': 0, 'prev_value': None, 'change': True}
2020-05-15 17:04:02,091 : INFO : EventManager : Event: ======'machine_var_audits_switches_s_Target_Q'====== Args={'value': 0, 'prev_value': None, 'change': True}
2020-05-15 17:04:02,093 : INFO : EventManager : Event: ======'machine_var_audits_switches_s_Tilt_Plumb'====== Args={'value': 0, 'prev_value': None, 'change': True}
2020-05-15 17:04:02,094 : INFO : EventManager : Event: ======'machine_var_audits_switches_s_Tilt_Roll'====== Args={'value': 0, 'prev_value': None, 'change': True}
2020-05-15 17:04:02,095 : INFO : EventManager : Event: ======'machine_var_audits_switches_s_Tilt_playfield'====== Args={'value': 0, 'prev_value': None, 'change': True}
2020-05-15 17:04:02,096 : INFO : EventManager : Event: ======'machine_var_audits_switches_s_Top_Bumper'====== Args={'value': 65, 'prev_value': None, 'change': True}
2020-05-15 17:04:02,097 : INFO : EventManager : Event: ======'init_phase_5'====== Args={}
2020-05-15 17:04:02,119 : INFO : EventManager : Event: ======'init_done'====== Args={}
2020-05-15 17:04:02,120 : INFO : EventManager : Event: ======'machine_reset_phase_1'====== Args={}
2020-05-15 17:04:02,132 : INFO : EventManager : Event: ======'slide_welcome_slide_removed'====== Args={'_from_bcp': True}
2020-05-15 17:04:02,138 : INFO : EventManager : Event: ======'slide_welcome_slide_created'====== Args={'_from_bcp': True}
2020-05-15 17:04:02,146 : INFO : EventManager : Event: ======'slide_welcome_slide_active'====== Args={'_from_bcp': True}
2020-05-15 17:04:02,147 : INFO : EventManager : Event: ======'machine_reset_phase_2'====== Args={}
2020-05-15 17:04:02,147 : INFO : EventManager : Event: ======'machine_reset_phase_3'====== Args={}
2020-05-15 17:04:02,147 : INFO : EventManager : Event: ======'reset_complete'====== Args={}
2020-05-15 17:04:02,147 : INFO : EventManager : Event: ======'mode_attract_will_start'====== Args={}
2020-05-15 17:04:02,149 : INFO : EventManager : Event: ======'mode_attract_starting'====== Args={}
2020-05-15 17:04:02,149 : INFO : Mode.attract : Started. Priority: 10
2020-05-15 17:04:02,150 : INFO : EventManager : Event: ======'mode_attract_started'====== Args={}
2020-05-15 17:04:02,153 : INFO : EventManager : Event: ======'collecting_balls_complete'====== Args={}
2020-05-15 17:04:02,154 : INFO : Machine : Starting the main run loop.
2020-05-15 17:04:02,187 : INFO : EventManager : Event: ======'slide_awesome_slide_created'====== Args={'_from_bcp': True}
2020-05-15 17:04:02,188 : INFO : EventManager : Event: ======'slide_awesome_slide_active'====== Args={'_from_bcp': True}
2020-05-15 17:04:05,169 : INFO : EventManager : Event: ======'slide_press_start_created'====== Args={'_from_bcp': True}
2020-05-15 17:04:05,173 : INFO : EventManager : Event: ======'slide_press_start_active'====== Args={'_from_bcp': True}
2020-05-15 17:04:08,160 : INFO : EventManager : Event: ======'slide_mission_pinball_created'====== Args={'_from_bcp': True}
2020-05-15 17:04:08,163 : INFO : EventManager : Event: ======'slide_mission_pinball_active'====== Args={'_from_bcp': True}
2020-05-15 17:04:11,162 : INFO : EventManager : Event: ======'slide_last_game_score_slide_created'====== Args={'_from_bcp': True}
2020-05-15 17:04:11,167 : INFO : EventManager : Event: ======'slide_last_game_score_slide_active'====== Args={'_from_bcp': True}
2020-05-15 17:04:14,163 : INFO : EventManager : Event: ======'slide_awesome_slide_removed'====== Args={'_from_bcp': True}
2020-05-15 17:04:14,164 : INFO : EventManager : Event: ======'slide_awesome_slide_created'====== Args={'_from_bcp': True}
2020-05-15 17:04:14,168 : INFO : EventManager : Event: ======'slide_awesome_slide_active'====== Args={'_from_bcp': True}
2020-05-15 17:04:17,167 : INFO : EventManager : Event: ======'slide_press_start_removed'====== Args={'_from_bcp': True}
2020-05-15 17:04:17,176 : INFO : EventManager : Event: ======'slide_press_start_created'====== Args={'_from_bcp': True}
2020-05-15 17:04:17,182 : INFO : EventManager : Event: ======'slide_press_start_active'====== Args={'_from_bcp': True}
2020-05-15 17:04:20,156 : INFO : EventManager : Event: ======'slide_mission_pinball_removed'====== Args={'_from_bcp': True}
2020-05-15 17:04:20,161 : INFO : EventManager : Event: ======'slide_mission_pinball_created'====== Args={'_from_bcp': True}
2020-05-15 17:04:20,165 : INFO : EventManager : Event: ======'slide_mission_pinball_active'====== Args={'_from_bcp': True}
2020-05-15 17:04:23,161 : INFO : EventManager : Event: ======'slide_last_game_score_slide_removed'====== Args={'_from_bcp': True}
2020-05-15 17:04:23,169 : INFO : EventManager : Event: ======'slide_last_game_score_slide_created'====== Args={'_from_bcp': True}
2020-05-15 17:04:23,174 : INFO : EventManager : Event: ======'slide_last_game_score_slide_active'====== Args={'_from_bcp': True}
2020-05-15 17:04:26,167 : INFO : EventManager : Event: ======'slide_awesome_slide_removed'====== Args={'_from_bcp': True}
2020-05-15 17:04:26,171 : INFO : EventManager : Event: ======'slide_awesome_slide_created'====== Args={'_from_bcp': True}
2020-05-15 17:04:26,174 : INFO : EventManager : Event: ======'slide_awesome_slide_active'====== Args={'_from_bcp': True}
2020-05-15 17:04:29,164 : INFO : EventManager : Event: ======'slide_press_start_removed'====== Args={'_from_bcp': True}
2020-05-15 17:04:29,172 : INFO : EventManager : Event: ======'slide_press_start_created'====== Args={'_from_bcp': True}
2020-05-15 17:04:29,176 : INFO : EventManager : Event: ======'slide_press_start_active'====== Args={'_from_bcp': True}
2020-05-15 17:04:32,159 : INFO : EventManager : Event: ======'slide_mission_pinball_removed'====== Args={'_from_bcp': True}
2020-05-15 17:04:32,166 : INFO : EventManager : Event: ======'slide_mission_pinball_created'====== Args={'_from_bcp': True}
2020-05-15 17:04:32,168 : INFO : EventManager : Event: ======'slide_mission_pinball_active'====== Args={'_from_bcp': True}
2020-05-15 17:04:35,164 : INFO : EventManager : Event: ======'slide_last_game_score_slide_removed'====== Args={'_from_bcp': True}
2020-05-15 17:04:35,174 : INFO : EventManager : Event: ======'slide_last_game_score_slide_created'====== Args={'_from_bcp': True}
2020-05-15 17:04:35,178 : INFO : EventManager : Event: ======'slide_last_game_score_slide_active'====== Args={'_from_bcp': True}
2020-05-15 17:04:37,091 : INFO : Machine : Shutting down...
2020-05-15 17:04:37,091 : INFO : EventManager : Event: ======'shutdown'====== Args={}
2020-05-15 17:04:37,094 : ERROR : OPP : Stop called on serial connection /dev/ttyACM2
2020-05-15 17:04:37,094 : ERROR : OPP : Stop called on serial connection /dev/ttyACM1
2020-05-15 17:04:37,095 : ERROR : OPP : Stop called on serial connection /dev/ttyACM0
2020-05-15 17:04:37,154 : INFO : root : MPF run loop ended.
