2020-05-15 16:34:56,024 : kivy : Factory: 184 symbols loaded
2020-05-15 16:34:56,288 : kivy : ImageLoaderFFPy: Using ffpyplayer 4.3.1
2020-05-15 16:34:56,289 : kivy : Image: Providers: img_tex, img_dds, img_sdl2, img_pil, img_ffpyplayer, img_gif 
2020-05-15 16:34:56,355 : kivy : VideoFFPy: Using ffpyplayer 4.3.1
2020-05-15 16:34:56,356 : kivy : Video: Provider: ffpyplayer(['video_ffmpeg'] ignored)
2020-05-15 16:34:56,456 : kivy : Loading MPF-MC controller
2020-05-15 16:34:56,461 : YamlMultifileConfigLoader : Machine config file #1: config
2020-05-15 16:34:56,462 : ConfigProcessor : Config file in cache changed: /home/ben/pinball/config/config
2020-05-15 16:34:56,463 : ConfigProcessor : Loading config from file /home/ben/.local/lib/python3.6/site-packages/mpfmc/mcconfig.yaml.
2020-05-15 16:34:56,611 : ConfigProcessor : Loading config: /home/ben/.local/lib/python3.6/site-packages/mpfmc/mcconfig.yaml
2020-05-15 16:34:56,612 : ConfigProcessor : Loading config from file /home/ben/pinball/config/config.
2020-05-15 16:34:56,716 : ConfigProcessor : Loading config: /home/ben/pinball/config/config
2020-05-15 16:34:56,719 : ConfigProcessor : Config file cache created: /tmp/f941a58bd7834786da19a5c85dde1a11.mpf_cache
2020-05-15 16:34:56,719 : ConfigProcessor : Loading config from cache: /tmp/d964ef655ecb78b725ff15fc39405639.mpf_cache
2020-05-15 16:34:56,720 : ConfigProcessor : Loading config from cache: /tmp/47f1230cf12d95ec6fd446cbfe48c3da.mpf_cache
2020-05-15 16:34:56,720 : ConfigProcessor : Loading config from cache: /tmp/55abfb76abba0f6080480ef04b5360ae.mpf_cache
2020-05-15 16:34:56,720 : ConfigProcessor : Loading config from cache: /tmp/d964ef655ecb78b725ff15fc39405639.mpf_cache
2020-05-15 16:34:56,721 : mpfmc : Mission Pinball Framework Media Controller v0.54.0-dev.7
2020-05-15 16:34:56,721 : mpfmc : Mission Pinball Framework Game Engine v0.54.0-dev.34
2020-05-15 16:34:56,721 : mpfmc : Machine path: /home/ben/pinball
2020-05-15 16:34:56,721 : mpfmc : Starting clock at 60.0Hz
2020-05-15 16:34:56,737 : kivy : Text: Provider: sdl2
2020-05-15 16:34:56,782 : kivy : Window: Provider: sdl2(['window_egl_rpi'] ignored)
2020-05-15 16:34:56,973 : kivy : GL: Using the "OpenGL" graphics system
2020-05-15 16:34:56,974 : kivy : GL: Backend used <sdl2>
2020-05-15 16:34:56,974 : kivy : GL: OpenGL version <b'2.1 Mesa 19.2.8'>
2020-05-15 16:34:56,974 : kivy : GL: OpenGL vendor <b'Intel Open Source Technology Center'>
2020-05-15 16:34:56,974 : kivy : GL: OpenGL renderer <b'Mesa DRI Intel(R) 946GZ '>
2020-05-15 16:34:56,978 : kivy : GL: OpenGL parsed version: 2, 1
2020-05-15 16:34:56,979 : kivy : GL: Shading version <b'1.20'>
2020-05-15 16:34:56,979 : kivy : GL: Texture max size <8192>
2020-05-15 16:34:56,979 : kivy : GL: Texture max units <16>
2020-05-15 16:34:57,027 : kivy : Window: auto add sdl2 input provider
2020-05-15 16:34:57,027 : kivy : Window: virtual keyboard not allowed, single mode, not docked
2020-05-15 16:34:57,036 : SoundSystem : SoundSystem: Using default 'sound_system' settings
2020-05-15 16:34:57,259 : AudioInterface : Initialized
2020-05-15 16:34:57,259 : SoundSystem : No audio tracks are specified in your machine config file. a track named 'default' has been created.
2020-05-15 16:34:57,409 : kivy : Base: Start application main loop
2020-05-15 16:34:57,411 : EventManager : Event: ======'display_window_initialized'====== Args={}
2020-05-15 16:34:57,436 : mpfmc : Display: Setting 'window' as default display
2020-05-15 16:34:57,456 : EventManager : Event: ======'displays_initialized'====== Args={}
2020-05-15 16:34:57,459 : EventManager : Event: ======'slide_window_blank_created'====== Args={}
2020-05-15 16:34:57,459 : EventManager : Event: ======'display_window_ready'====== Args={}
2020-05-15 16:34:57,471 : EventManager : Event: ======'init_phase_1'====== Args={}
2020-05-15 16:34:57,480 : EventManager : Event: ======'mc_ready'====== Args={}
2020-05-15 16:34:57,480 : EventManager : Event: ======'init_phase_2'====== Args={}
2020-05-15 16:34:57,483 : EventManager : Event: ======'init_phase_3'====== Args={}
2020-05-15 16:34:57,484 : EventManager : Event: ======'init_phase_4'====== Args={}
2020-05-15 16:34:57,484 : EventManager : Event: ======'init_phase_5'====== Args={}
2020-05-15 16:34:57,484 : EventManager : Event: ======'init_done'====== Args={}
2020-05-15 16:34:57,485 : MPF-MC BCP Server : Starting up on localhost port 5050
2020-05-15 16:34:57,487 : MPF-MC BCP Server : Waiting for a connection...
2020-05-15 16:34:57,487 : mpfmc : SlidePlayer: Play called with settings={'slides': {welcome_slide-None-None: {'priority': None, 'target': None, 'background_color': [0.0, 0.0, 0.0, 1.0], 'show': True, 'force': False, 'expire': None, 'slide': None, 'tokens': {}, 'action': 'play', 'transition': None, 'transition_out': None}}}
2020-05-15 16:34:57,500 : kivy : GL: NPOT texture support is available
2020-05-15 16:34:57,504 : EventManager : Event: ======'slide_welcome_slide_created'====== Args={}
2020-05-15 16:34:57,513 : EventManager : Event: ======'slide_welcome_slide_active'====== Args={}
2020-05-15 16:34:57,528 : EventManager : Event: ======'client_disconnected'====== Args={'host': '127.0.0.1', 'port': 5050}
2020-05-15 16:34:57,547 : MPF-MC BCP Server : Received connection from: 127.0.0.1:33528
2020-05-15 16:34:57,549 : EventManager : Event: ======'client_connected'====== Args={'host': '127.0.0.1', 'port': 33528}
2020-05-15 16:34:57,619 : EventManager : Event: ======'machine_var_credits_string'====== Args={'value': 'FREE PLAY', 'prev_value': None, 'change': True}
2020-05-15 16:34:57,623 : EventManager : Event: ======'machine_var_player1_score'====== Args={'value': 400, 'prev_value': None, 'change': True}
2020-05-15 16:34:57,624 : EventManager : Event: ======'machine_var_mpf_version'====== Args={'value': 'MPF v0.54.0-dev.34', 'prev_value': None, 'change': True}
2020-05-15 16:34:57,625 : EventManager : Event: ======'machine_var_mpf_extended_version'====== Args={'value': 'MPF v0.54.0-dev.34, Config version:5, Show version: 5, BCP version:1.1', 'prev_value': None, 'change': True}
2020-05-15 16:34:57,625 : EventManager : Event: ======'machine_var_python_version'====== Args={'value': '3.6.9', 'prev_value': None, 'change': True}
2020-05-15 16:34:57,625 : EventManager : Event: ======'machine_var_platform'====== Args={'value': 'Linux-5.3.0-51-generic-x86_64-with-Ubuntu-18.04-bionic', 'prev_value': None, 'change': True}
2020-05-15 16:34:57,626 : EventManager : Event: ======'machine_var_platform_system'====== Args={'value': 'Linux', 'prev_value': None, 'change': True}
2020-05-15 16:34:57,628 : EventManager : Event: ======'machine_var_platform_release'====== Args={'value': '5.3.0-51-generic', 'prev_value': None, 'change': True}
2020-05-15 16:34:57,631 : EventManager : Event: ======'machine_var_platform_version'====== Args={'value': '#44~18.04.2-Ubuntu SMP Thu Apr 23 14:27:18 UTC 2020', 'prev_value': None, 'change': True}
2020-05-15 16:34:57,631 : EventManager : Event: ======'machine_var_platform_machine'====== Args={'value': 'x86_64', 'prev_value': None, 'change': True}
2020-05-15 16:34:57,633 : EventManager : Event: ======'machine_var_mc_version'====== Args={'value': 'MPF-MC v0.54.0-dev.7', 'prev_value': None, 'change': True}
2020-05-15 16:34:57,633 : EventManager : Event: ======'machine_var_mc_extended_version'====== Args={'value': 'MPF-MC v0.54.0-dev.7 (config_version=5, BCP v1.1, Requires MPF v0.54.0-dev.0)', 'prev_value': None, 'change': True}
2020-05-15 16:34:57,633 : EventManager : Event: ======'machine_var_master_volume'====== Args={'value': 0.5, 'prev_value': None, 'change': True}
2020-05-15 16:34:57,633 : EventManager : Event: ======'machine_var_audits_events_game_ended'====== Args={'value': 3, 'prev_value': None, 'change': True}
2020-05-15 16:34:57,634 : EventManager : Event: ======'machine_var_audits_events_game_started'====== Args={'value': 3, 'prev_value': None, 'change': True}
2020-05-15 16:34:57,634 : EventManager : Event: ======'machine_var_audits_player_score'====== Args={'value': {'average': 540.0, 'top': [600, 600, 600, 400, 300], 'total': 5}, 'prev_value': None, 'change': True}
2020-05-15 16:34:57,634 : EventManager : Event: ======'machine_var_audits_switches_s_Drain'====== Args={'value': 59, 'prev_value': None, 'change': True}
2020-05-15 16:34:57,634 : EventManager : Event: ======'machine_var_audits_switches_s_Flipper_Left_Bottom'====== Args={'value': 228, 'prev_value': None, 'change': True}
2020-05-15 16:34:57,634 : EventManager : Event: ======'machine_var_audits_switches_s_Flipper_Left_Top'====== Args={'value': 210, 'prev_value': None, 'change': True}
2020-05-15 16:34:57,635 : EventManager : Event: ======'machine_var_audits_switches_s_Flipper_Right_Bottom'====== Args={'value': 221, 'prev_value': None, 'change': True}
2020-05-15 16:34:57,635 : EventManager : Event: ======'machine_var_audits_switches_s_Flipper_Right_Top'====== Args={'value': 221, 'prev_value': None, 'change': True}
2020-05-15 16:34:57,635 : EventManager : Event: ======'machine_var_audits_switches_s_Inlane_Bottom'====== Args={'value': 9, 'prev_value': None, 'change': True}
2020-05-15 16:34:57,636 : EventManager : Event: ======'machine_var_audits_switches_s_Lane_Top_Left'====== Args={'value': 6, 'prev_value': None, 'change': True}
2020-05-15 16:34:57,636 : EventManager : Event: ======'machine_var_audits_switches_s_Lane_Top_Right'====== Args={'value': 23, 'prev_value': None, 'change': True}
2020-05-15 16:34:57,636 : EventManager : Event: ======'machine_var_audits_switches_s_Left_Bumper'====== Args={'value': 76, 'prev_value': None, 'change': True}
2020-05-15 16:34:57,636 : EventManager : Event: ======'machine_var_audits_switches_s_Outlane_Left'====== Args={'value': 4, 'prev_value': None, 'change': True}
2020-05-15 16:34:57,636 : EventManager : Event: ======'machine_var_audits_switches_s_Outlane_Right'====== Args={'value': 3, 'prev_value': None, 'change': True}
2020-05-15 16:34:57,637 : EventManager : Event: ======'machine_var_audits_switches_s_Right_Bumper'====== Args={'value': 0, 'prev_value': None, 'change': True}
2020-05-15 16:34:57,637 : EventManager : Event: ======'machine_var_audits_switches_s_Roller_1000'====== Args={'value': 8, 'prev_value': None, 'change': True}
2020-05-15 16:34:57,637 : EventManager : Event: ======'machine_var_audits_switches_s_Rollover_1'====== Args={'value': 0, 'prev_value': None, 'change': True}
2020-05-15 16:34:57,637 : EventManager : Event: ======'machine_var_audits_switches_s_Rollover_2'====== Args={'value': 0, 'prev_value': None, 'change': True}
2020-05-15 16:34:57,637 : EventManager : Event: ======'machine_var_audits_switches_s_Rollover_3'====== Args={'value': 0, 'prev_value': None, 'change': True}
2020-05-15 16:34:57,637 : EventManager : Event: ======'machine_var_audits_switches_s_Rollover_4'====== Args={'value': 0, 'prev_value': None, 'change': True}
2020-05-15 16:34:57,638 : EventManager : Event: ======'machine_var_audits_switches_s_Rollover_5'====== Args={'value': 0, 'prev_value': None, 'change': True}
2020-05-15 16:34:57,638 : EventManager : Event: ======'machine_var_audits_switches_s_Rollover_6'====== Args={'value': 0, 'prev_value': None, 'change': True}
2020-05-15 16:34:57,638 : EventManager : Event: ======'machine_var_audits_switches_s_Rollover_7'====== Args={'value': 20, 'prev_value': None, 'change': True}
2020-05-15 16:34:57,652 : EventManager : Event: ======'machine_var_audits_switches_s_Rollover_8'====== Args={'value': 43, 'prev_value': None, 'change': True}
2020-05-15 16:34:57,652 : EventManager : Event: ======'machine_var_audits_switches_s_Rollover_9'====== Args={'value': 9, 'prev_value': None, 'change': True}
2020-05-15 16:34:57,653 : EventManager : Event: ======'machine_var_audits_switches_s_SPECIAL'====== Args={'value': 18, 'prev_value': None, 'change': True}
2020-05-15 16:34:57,653 : EventManager : Event: ======'machine_var_audits_switches_s_Slingshot_Left'====== Args={'value': 14, 'prev_value': None, 'change': True}
2020-05-15 16:34:57,653 : EventManager : Event: ======'machine_var_audits_switches_s_Slingshot_Right'====== Args={'value': 18, 'prev_value': None, 'change': True}
2020-05-15 16:34:57,654 : EventManager : Event: ======'machine_var_audits_switches_s_Start_Button'====== Args={'value': 3, 'prev_value': None, 'change': True}
2020-05-15 16:34:57,654 : EventManager : Event: ======'machine_var_audits_switches_s_Target_10'====== Args={'value': 54, 'prev_value': None, 'change': True}
2020-05-15 16:34:57,654 : EventManager : Event: ======'machine_var_audits_switches_s_Target_1000_Top'====== Args={'value': 15, 'prev_value': None, 'change': True}
2020-05-15 16:34:57,654 : EventManager : Event: ======'machine_var_audits_switches_s_Target_A'====== Args={'value': 11, 'prev_value': None, 'change': True}
2020-05-15 16:34:57,654 : EventManager : Event: ======'machine_var_audits_switches_s_Target_Adv_Bonus_Left_Bottom'====== Args={'value': 5, 'prev_value': None, 'change': True}
2020-05-15 16:34:57,654 : EventManager : Event: ======'machine_var_audits_switches_s_Target_Adv_Bonus_Left_Top'====== Args={'value': 17, 'prev_value': None, 'change': True}
2020-05-15 16:34:57,654 : EventManager : Event: ======'machine_var_audits_switches_s_Target_Adv_Bonus_Right_Top'====== Args={'value': 13, 'prev_value': None, 'change': True}
2020-05-15 16:34:57,655 : EventManager : Event: ======'machine_var_audits_switches_s_Target_J'====== Args={'value': 0, 'prev_value': None, 'change': True}
2020-05-15 16:34:57,655 : EventManager : Event: ======'machine_var_audits_switches_s_Target_K'====== Args={'value': 0, 'prev_value': None, 'change': True}
2020-05-15 16:34:57,655 : EventManager : Event: ======'machine_var_audits_switches_s_Target_Q'====== Args={'value': 0, 'prev_value': None, 'change': True}
2020-05-15 16:34:57,655 : EventManager : Event: ======'machine_var_audits_switches_s_Tilt_Plumb'====== Args={'value': 0, 'prev_value': None, 'change': True}
2020-05-15 16:34:57,655 : EventManager : Event: ======'machine_var_audits_switches_s_Tilt_Roll'====== Args={'value': 0, 'prev_value': None, 'change': True}
2020-05-15 16:34:57,655 : EventManager : Event: ======'machine_var_audits_switches_s_Tilt_playfield'====== Args={'value': 0, 'prev_value': None, 'change': True}
2020-05-15 16:34:57,668 : EventManager : Event: ======'machine_var_audits_switches_s_Top_Bumper'====== Args={'value': 62, 'prev_value': None, 'change': True}
2020-05-15 16:34:57,692 : EventManager : Event: ======'slides_play'====== Args={'settings': {'welcome_slide': {'target': None, 'background_color': [0.0, 0.0, 0.0, 1.0], 'priority': None, 'show': True, 'force': False, 'expire': None, 'slide': None, 'tokens': {}, 'action': 'play'}}, 'context': '_global', 'calling_context': 'init_done', 'priority': 0}
2020-05-15 16:34:57,693 : EventManager : Event: ======'mc_reset_phase_1'====== Args={}
2020-05-15 16:34:57,693 : mpfmc : SlidePlayer: Play called with settings={'welcome_slide': {'target': None, 'background_color': [0.0, 0.0, 0.0, 1.0], 'priority': None, 'show': True, 'force': False, 'expire': None, 'slide': None, 'tokens': {}, 'action': 'play'}}
2020-05-15 16:34:57,695 : EventManager : Event: ======'slide_welcome_slide_removed'====== Args={}
2020-05-15 16:34:57,702 : EventManager : Event: ======'slide_welcome_slide_created'====== Args={}
2020-05-15 16:34:57,703 : EventManager : Event: ======'mc_reset_phase_2'====== Args={}
2020-05-15 16:34:57,703 : EventManager : Event: ======'mc_reset_phase_3'====== Args={}
2020-05-15 16:34:57,703 : EventManager : Event: ======'mc_reset_complete'====== Args={}
2020-05-15 16:34:57,705 : EventManager : Event: ======'slide_welcome_slide_active'====== Args={}
2020-05-15 16:34:57,725 : EventManager : Event: ======'slides_play'====== Args={'settings': {'awesome_slide': {'widgets': [{'type': 'text', 'text': 'YOU ARE AWESOME', 'font_size': 50, '_default_settings': ['type', 'text', 'font_size'], 'x': None, 'y': None, 'anchor_x': 'center', 'anchor_y': 'center', 'round_anchor_x': None, 'round_anchor_y': None, 'opacity': 1.0, 'z': 0, 'reset_animations_events': {}, 'color': [1.0, 1.0, 1.0, 1.0], 'style': [], 'adjust_top': 0, 'adjust_bottom': 0, 'adjust_left': 0, 'adjust_right': 0, 'expire': None, 'key': None, 'widget': None, 'events_when_added': [], 'events_when_removed': [], 'bitmap_font': False, 'font_kerning': True, 'bold': False, 'italic': False, 'number_grouping': False, 'min_digits': 0, 'halign': 'center', 'valign': 'middle', 'rotation': 0, 'scale': 1.0, 'casing': None, 'animations': None}], 'transition': {'type': 'push', 'duration': 1.0, 'direction': 'left', 'easing': 'out_quad'}, 'target': None, 'background_color': [0.0, 0.0, 0.0, 1.0], 'priority': None, 'show': True, 'force': False, 'expire': None, 'slide': None, 'tokens': {}, 'action': 'play'}}, 'context': 'show_1', 'calling_context': 0, 'priority': 10, 'show_tokens': {}, 'start_time': 4668.566201809}
2020-05-15 16:34:57,726 : mpfmc : SlidePlayer: Play called with settings={'awesome_slide': {'widgets': [{'type': 'text', 'text': 'YOU ARE AWESOME', 'font_size': 50, '_default_settings': ['type', 'text', 'font_size'], 'x': None, 'y': None, 'anchor_x': 'center', 'anchor_y': 'center', 'round_anchor_x': None, 'round_anchor_y': None, 'opacity': 1.0, 'z': 0, 'reset_animations_events': {}, 'color': [1.0, 1.0, 1.0, 1.0], 'style': [], 'adjust_top': 0, 'adjust_bottom': 0, 'adjust_left': 0, 'adjust_right': 0, 'expire': None, 'key': None, 'widget': None, 'events_when_added': [], 'events_when_removed': [], 'bitmap_font': False, 'font_kerning': True, 'bold': False, 'italic': False, 'number_grouping': False, 'min_digits': 0, 'halign': 'center', 'valign': 'middle', 'rotation': 0, 'scale': 1.0, 'casing': None, 'animations': None}], 'transition': {'type': 'push', 'duration': 1.0, 'direction': 'left', 'easing': 'out_quad'}, 'target': None, 'background_color': [0.0, 0.0, 0.0, 1.0], 'priority': None, 'show': True, 'force': False, 'expire': None, 'slide': None, 'tokens': {}, 'action': 'play'}}
2020-05-15 16:34:57,733 : EventManager : Event: ======'slide_awesome_slide_created'====== Args={}
2020-05-15 16:34:57,738 : EventManager : Event: ======'slide_awesome_slide_active'====== Args={}
2020-05-15 16:35:00,724 : EventManager : Event: ======'slides_play'====== Args={'settings': {'press_start': {'widgets': [{'type': 'Text', 'text': 'PRESS START', 'animations': {'pre_show_slide': [{'property': ['opacity'], 'value': ['0'], 'duration': 0.5, 'relative': False, 'timing': 'after_previous', 'repeat': False, 'easing': 'linear'}, {'property': ['opacity'], 'value': ['1'], 'duration': 0.5, 'repeat': False, 'relative': False, 'timing': 'after_previous', 'easing': 'linear'}]}, '_default_settings': ['type', 'text', 'animations'], 'x': None, 'y': None, 'anchor_x': 'center', 'anchor_y': 'center', 'round_anchor_x': None, 'round_anchor_y': None, 'opacity': 1.0, 'z': 0, 'reset_animations_events': {}, 'color': [1.0, 1.0, 1.0, 1.0], 'style': [], 'adjust_top': 0, 'adjust_bottom': 0, 'adjust_left': 0, 'adjust_right': 0, 'expire': None, 'key': None, 'widget': None, 'events_when_added': [], 'events_when_removed': [], 'font_size': 15, 'bitmap_font': False, 'font_kerning': True, 'bold': False, 'italic': False, 'number_grouping': False, 'min_digits': 0, 'halign': 'center', 'valign': 'middle', 'rotation': 0, 'scale': 1.0, 'casing': None}, {'type': 'Text', 'text': 'FREE PLAY', 'color': [0.0, 0.5019607843137255, 0.0, 1], 'y': '10', 'anchor_y': 'bottom', '_default_settings': ['type', 'text', 'color', 'y', 'anchor_y'], 'x': None, 'anchor_x': 'center', 'round_anchor_x': None, 'round_anchor_y': None, 'opacity': 1.0, 'z': 0, 'reset_animations_events': {}, 'style': [], 'adjust_top': 0, 'adjust_bottom': 0, 'adjust_left': 0, 'adjust_right': 0, 'expire': None, 'key': None, 'widget': None, 'events_when_added': [], 'events_when_removed': [], 'font_size': 15, 'bitmap_font': False, 'font_kerning': True, 'bold': False, 'italic': False, 'number_grouping': False, 'min_digits': 0, 'halign': 'center', 'valign': 'middle', 'rotation': 0, 'scale': 1.0, 'casing': None, 'animations': None}], 'transition': {'type': 'move_in', 'duration': 1.0, 'direction': 'right', 'easing': 'out_quad'}, 'target': None, 'background_color': [0.0, 0.0, 0.0, 1.0], 'priority': None, 'show': True, 'force': False, 'expire': None, 'slide': None, 'tokens': {}, 'action': 'play'}}, 'context': 'show_1', 'calling_context': 1, 'priority': 10, 'show_tokens': {}, 'start_time': 4671.566201809}
2020-05-15 16:35:00,724 : mpfmc : SlidePlayer: Play called with settings={'press_start': {'widgets': [{'type': 'Text', 'text': 'PRESS START', 'animations': {'pre_show_slide': [{'property': ['opacity'], 'value': ['0'], 'duration': 0.5, 'relative': False, 'timing': 'after_previous', 'repeat': False, 'easing': 'linear'}, {'property': ['opacity'], 'value': ['1'], 'duration': 0.5, 'repeat': False, 'relative': False, 'timing': 'after_previous', 'easing': 'linear'}]}, '_default_settings': ['type', 'text', 'animations'], 'x': None, 'y': None, 'anchor_x': 'center', 'anchor_y': 'center', 'round_anchor_x': None, 'round_anchor_y': None, 'opacity': 1.0, 'z': 0, 'reset_animations_events': {}, 'color': [1.0, 1.0, 1.0, 1.0], 'style': [], 'adjust_top': 0, 'adjust_bottom': 0, 'adjust_left': 0, 'adjust_right': 0, 'expire': None, 'key': None, 'widget': None, 'events_when_added': [], 'events_when_removed': [], 'font_size': 15, 'bitmap_font': False, 'font_kerning': True, 'bold': False, 'italic': False, 'number_grouping': False, 'min_digits': 0, 'halign': 'center', 'valign': 'middle', 'rotation': 0, 'scale': 1.0, 'casing': None}, {'type': 'Text', 'text': 'FREE PLAY', 'color': [0.0, 0.5019607843137255, 0.0, 1], 'y': '10', 'anchor_y': 'bottom', '_default_settings': ['type', 'text', 'color', 'y', 'anchor_y'], 'x': None, 'anchor_x': 'center', 'round_anchor_x': None, 'round_anchor_y': None, 'opacity': 1.0, 'z': 0, 'reset_animations_events': {}, 'style': [], 'adjust_top': 0, 'adjust_bottom': 0, 'adjust_left': 0, 'adjust_right': 0, 'expire': None, 'key': None, 'widget': None, 'events_when_added': [], 'events_when_removed': [], 'font_size': 15, 'bitmap_font': False, 'font_kerning': True, 'bold': False, 'italic': False, 'number_grouping': False, 'min_digits': 0, 'halign': 'center', 'valign': 'middle', 'rotation': 0, 'scale': 1.0, 'casing': None, 'animations': None}], 'transition': {'type': 'move_in', 'duration': 1.0, 'direction': 'right', 'easing': 'out_quad'}, 'target': None, 'background_color': [0.0, 0.0, 0.0, 1.0], 'priority': None, 'show': True, 'force': False, 'expire': None, 'slide': None, 'tokens': {}, 'action': 'play'}}
2020-05-15 16:35:00,733 : EventManager : Event: ======'slide_press_start_created'====== Args={}
2020-05-15 16:35:00,737 : EventManager : Event: ======'slide_press_start_active'====== Args={}
2020-05-15 16:35:03,726 : EventManager : Event: ======'slides_play'====== Args={'settings': {'mission_pinball': {'widgets': [{'type': 'Text', 'text': 'MISSION PINBALL', 'color': [1.0, 0.0, 0.0, 1], '_default_settings': ['type', 'text', 'color'], 'x': None, 'y': None, 'anchor_x': 'center', 'anchor_y': 'center', 'round_anchor_x': None, 'round_anchor_y': None, 'opacity': 1.0, 'z': 0, 'reset_animations_events': {}, 'style': [], 'adjust_top': 0, 'adjust_bottom': 0, 'adjust_left': 0, 'adjust_right': 0, 'expire': None, 'key': None, 'widget': None, 'events_when_added': [], 'events_when_removed': [], 'font_size': 15, 'bitmap_font': False, 'font_kerning': True, 'bold': False, 'italic': False, 'number_grouping': False, 'min_digits': 0, 'halign': 'center', 'valign': 'middle', 'rotation': 0, 'scale': 1.0, 'casing': None, 'animations': None}], 'transition': {'type': 'move_in', 'duration': 1.0, 'direction': 'top', 'easing': 'out_quad'}, 'target': None, 'background_color': [0.0, 0.0, 0.0, 1.0], 'priority': None, 'show': True, 'force': False, 'expire': None, 'slide': None, 'tokens': {}, 'action': 'play'}}, 'context': 'show_1', 'calling_context': 2, 'priority': 10, 'show_tokens': {}, 'start_time': 4674.566201809}
2020-05-15 16:35:03,726 : mpfmc : SlidePlayer: Play called with settings={'mission_pinball': {'widgets': [{'type': 'Text', 'text': 'MISSION PINBALL', 'color': [1.0, 0.0, 0.0, 1], '_default_settings': ['type', 'text', 'color'], 'x': None, 'y': None, 'anchor_x': 'center', 'anchor_y': 'center', 'round_anchor_x': None, 'round_anchor_y': None, 'opacity': 1.0, 'z': 0, 'reset_animations_events': {}, 'style': [], 'adjust_top': 0, 'adjust_bottom': 0, 'adjust_left': 0, 'adjust_right': 0, 'expire': None, 'key': None, 'widget': None, 'events_when_added': [], 'events_when_removed': [], 'font_size': 15, 'bitmap_font': False, 'font_kerning': True, 'bold': False, 'italic': False, 'number_grouping': False, 'min_digits': 0, 'halign': 'center', 'valign': 'middle', 'rotation': 0, 'scale': 1.0, 'casing': None, 'animations': None}], 'transition': {'type': 'move_in', 'duration': 1.0, 'direction': 'top', 'easing': 'out_quad'}, 'target': None, 'background_color': [0.0, 0.0, 0.0, 1.0], 'priority': None, 'show': True, 'force': False, 'expire': None, 'slide': None, 'tokens': {}, 'action': 'play'}}
2020-05-15 16:35:03,731 : EventManager : Event: ======'slide_mission_pinball_created'====== Args={}
2020-05-15 16:35:03,734 : EventManager : Event: ======'slide_mission_pinball_active'====== Args={}
2020-05-15 16:35:06,725 : EventManager : Event: ======'slides_play'====== Args={'settings': {'last_game_score_slide': {'widgets': [{'type': 'text', 'text': 'LAST GAME', 'font_size': 50, 'y': '60%', '_default_settings': ['type', 'text', 'font_size', 'y'], 'x': None, 'anchor_x': 'center', 'anchor_y': 'center', 'round_anchor_x': None, 'round_anchor_y': None, 'opacity': 1.0, 'z': 0, 'reset_animations_events': {}, 'color': [1.0, 1.0, 1.0, 1.0], 'style': [], 'adjust_top': 0, 'adjust_bottom': 0, 'adjust_left': 0, 'adjust_right': 0, 'expire': None, 'key': None, 'widget': None, 'events_when_added': [], 'events_when_removed': [], 'bitmap_font': False, 'font_kerning': True, 'bold': False, 'italic': False, 'number_grouping': False, 'min_digits': 0, 'halign': 'center', 'valign': 'middle', 'rotation': 0, 'scale': 1.0, 'casing': None, 'animations': None}, {'type': 'text', 'text': '(machine|player1_score)', 'number_grouping': True, 'min_digits': 2, 'font_size': 50, 'y': '40%', '_default_settings': ['type', 'text', 'number_grouping', 'min_digits', 'font_size', 'y'], 'x': None, 'anchor_x': 'center', 'anchor_y': 'center', 'round_anchor_x': None, 'round_anchor_y': None, 'opacity': 1.0, 'z': 0, 'reset_animations_events': {}, 'color': [1.0, 1.0, 1.0, 1.0], 'style': [], 'adjust_top': 0, 'adjust_bottom': 0, 'adjust_left': 0, 'adjust_right': 0, 'expire': None, 'key': None, 'widget': None, 'events_when_added': [], 'events_when_removed': [], 'bitmap_font': False, 'font_kerning': True, 'bold': False, 'italic': False, 'halign': 'center', 'valign': 'middle', 'rotation': 0, 'scale': 1.0, 'casing': None, 'animations': None}], 'target': None, 'background_color': [0.0, 0.0, 0.0, 1.0], 'priority': None, 'show': True, 'force': False, 'expire': None, 'slide': None, 'tokens': {}, 'action': 'play'}}, 'context': 'show_1', 'calling_context': 3, 'priority': 10, 'show_tokens': {}, 'start_time': 4677.566201809}
2020-05-15 16:35:06,725 : mpfmc : SlidePlayer: Play called with settings={'last_game_score_slide': {'widgets': [{'type': 'text', 'text': 'LAST GAME', 'font_size': 50, 'y': '60%', '_default_settings': ['type', 'text', 'font_size', 'y'], 'x': None, 'anchor_x': 'center', 'anchor_y': 'center', 'round_anchor_x': None, 'round_anchor_y': None, 'opacity': 1.0, 'z': 0, 'reset_animations_events': {}, 'color': [1.0, 1.0, 1.0, 1.0], 'style': [], 'adjust_top': 0, 'adjust_bottom': 0, 'adjust_left': 0, 'adjust_right': 0, 'expire': None, 'key': None, 'widget': None, 'events_when_added': [], 'events_when_removed': [], 'bitmap_font': False, 'font_kerning': True, 'bold': False, 'italic': False, 'number_grouping': False, 'min_digits': 0, 'halign': 'center', 'valign': 'middle', 'rotation': 0, 'scale': 1.0, 'casing': None, 'animations': None}, {'type': 'text', 'text': '(machine|player1_score)', 'number_grouping': True, 'min_digits': 2, 'font_size': 50, 'y': '40%', '_default_settings': ['type', 'text', 'number_grouping', 'min_digits', 'font_size', 'y'], 'x': None, 'anchor_x': 'center', 'anchor_y': 'center', 'round_anchor_x': None, 'round_anchor_y': None, 'opacity': 1.0, 'z': 0, 'reset_animations_events': {}, 'color': [1.0, 1.0, 1.0, 1.0], 'style': [], 'adjust_top': 0, 'adjust_bottom': 0, 'adjust_left': 0, 'adjust_right': 0, 'expire': None, 'key': None, 'widget': None, 'events_when_added': [], 'events_when_removed': [], 'bitmap_font': False, 'font_kerning': True, 'bold': False, 'italic': False, 'halign': 'center', 'valign': 'middle', 'rotation': 0, 'scale': 1.0, 'casing': None, 'animations': None}], 'target': None, 'background_color': [0.0, 0.0, 0.0, 1.0], 'priority': None, 'show': True, 'force': False, 'expire': None, 'slide': None, 'tokens': {}, 'action': 'play'}}
2020-05-15 16:35:06,733 : EventManager : Event: ======'slide_last_game_score_slide_created'====== Args={}
2020-05-15 16:35:06,734 : EventManager : Unordered handler for class <Text Widget text=400> on event machine_var_player1_score with priority 1. Handlers: [RegisteredHandler(callback=<bound method Text._machine_var_change of <Text Widget text=400>>, priority=1, kwargs={}, key=UUID('ebb2080f-2297-4d4c-a488-d634cb55b198'), condition=None, blocking_facility=None), RegisteredHandler(callback=<bound method Text._machine_var_change of <Text Widget text=400>>, priority=1, kwargs={}, key=UUID('b8bc92a1-23c0-43c0-939e-6eb607cb785f'), condition=None, blocking_facility=None)]. The order of those handlers is not defined and they will be executed in random order. This might lead to race conditions and potential bugs.
2020-05-15 16:35:06,738 : EventManager : Event: ======'slide_last_game_score_slide_active'====== Args={}
2020-05-15 16:35:09,716 : EventManager : Event: ======'slides_play'====== Args={'settings': {'awesome_slide': {'widgets': [{'type': 'text', 'text': 'YOU ARE AWESOME', 'font_size': 50, '_default_settings': ['type', 'text', 'font_size'], 'x': None, 'y': None, 'anchor_x': 'center', 'anchor_y': 'center', 'round_anchor_x': None, 'round_anchor_y': None, 'opacity': 1.0, 'z': 0, 'reset_animations_events': {}, 'color': [1.0, 1.0, 1.0, 1.0], 'style': [], 'adjust_top': 0, 'adjust_bottom': 0, 'adjust_left': 0, 'adjust_right': 0, 'expire': None, 'key': None, 'widget': None, 'events_when_added': [], 'events_when_removed': [], 'bitmap_font': False, 'font_kerning': True, 'bold': False, 'italic': False, 'number_grouping': False, 'min_digits': 0, 'halign': 'center', 'valign': 'middle', 'rotation': 0, 'scale': 1.0, 'casing': None, 'animations': None}], 'transition': {'type': 'push', 'duration': 1.0, 'direction': 'left', 'easing': 'out_quad'}, 'target': None, 'background_color': [0.0, 0.0, 0.0, 1.0], 'priority': None, 'show': True, 'force': False, 'expire': None, 'slide': None, 'tokens': {}, 'action': 'play'}}, 'context': 'show_1', 'calling_context': 0, 'priority': 10, 'show_tokens': {}, 'start_time': 4680.566201809}
2020-05-15 16:35:09,716 : mpfmc : SlidePlayer: Play called with settings={'awesome_slide': {'widgets': [{'type': 'text', 'text': 'YOU ARE AWESOME', 'font_size': 50, '_default_settings': ['type', 'text', 'font_size'], 'x': None, 'y': None, 'anchor_x': 'center', 'anchor_y': 'center', 'round_anchor_x': None, 'round_anchor_y': None, 'opacity': 1.0, 'z': 0, 'reset_animations_events': {}, 'color': [1.0, 1.0, 1.0, 1.0], 'style': [], 'adjust_top': 0, 'adjust_bottom': 0, 'adjust_left': 0, 'adjust_right': 0, 'expire': None, 'key': None, 'widget': None, 'events_when_added': [], 'events_when_removed': [], 'bitmap_font': False, 'font_kerning': True, 'bold': False, 'italic': False, 'number_grouping': False, 'min_digits': 0, 'halign': 'center', 'valign': 'middle', 'rotation': 0, 'scale': 1.0, 'casing': None, 'animations': None}], 'transition': {'type': 'push', 'duration': 1.0, 'direction': 'left', 'easing': 'out_quad'}, 'target': None, 'background_color': [0.0, 0.0, 0.0, 1.0], 'priority': None, 'show': True, 'force': False, 'expire': None, 'slide': None, 'tokens': {}, 'action': 'play'}}
2020-05-15 16:35:09,718 : EventManager : Event: ======'slide_awesome_slide_removed'====== Args={}
2020-05-15 16:35:09,723 : EventManager : Event: ======'slide_awesome_slide_created'====== Args={}
2020-05-15 16:35:09,726 : EventManager : Event: ======'slide_awesome_slide_active'====== Args={}
2020-05-15 16:35:12,715 : EventManager : Event: ======'slides_play'====== Args={'settings': {'press_start': {'widgets': [{'type': 'Text', 'text': 'PRESS START', 'animations': {'pre_show_slide': [{'property': ['opacity'], 'value': ['0'], 'duration': 0.5, 'relative': False, 'timing': 'after_previous', 'repeat': False, 'easing': 'linear'}, {'property': ['opacity'], 'value': ['1'], 'duration': 0.5, 'repeat': False, 'relative': False, 'timing': 'after_previous', 'easing': 'linear'}]}, '_default_settings': ['type', 'text', 'animations'], 'x': None, 'y': None, 'anchor_x': 'center', 'anchor_y': 'center', 'round_anchor_x': None, 'round_anchor_y': None, 'opacity': 1.0, 'z': 0, 'reset_animations_events': {}, 'color': [1.0, 1.0, 1.0, 1.0], 'style': [], 'adjust_top': 0, 'adjust_bottom': 0, 'adjust_left': 0, 'adjust_right': 0, 'expire': None, 'key': None, 'widget': None, 'events_when_added': [], 'events_when_removed': [], 'font_size': 15, 'bitmap_font': False, 'font_kerning': True, 'bold': False, 'italic': False, 'number_grouping': False, 'min_digits': 0, 'halign': 'center', 'valign': 'middle', 'rotation': 0, 'scale': 1.0, 'casing': None}, {'type': 'Text', 'text': 'FREE PLAY', 'color': [0.0, 0.5019607843137255, 0.0, 1], 'y': '10', 'anchor_y': 'bottom', '_default_settings': ['type', 'text', 'color', 'y', 'anchor_y'], 'x': None, 'anchor_x': 'center', 'round_anchor_x': None, 'round_anchor_y': None, 'opacity': 1.0, 'z': 0, 'reset_animations_events': {}, 'style': [], 'adjust_top': 0, 'adjust_bottom': 0, 'adjust_left': 0, 'adjust_right': 0, 'expire': None, 'key': None, 'widget': None, 'events_when_added': [], 'events_when_removed': [], 'font_size': 15, 'bitmap_font': False, 'font_kerning': True, 'bold': False, 'italic': False, 'number_grouping': False, 'min_digits': 0, 'halign': 'center', 'valign': 'middle', 'rotation': 0, 'scale': 1.0, 'casing': None, 'animations': None}], 'transition': {'type': 'move_in', 'duration': 1.0, 'direction': 'right', 'easing': 'out_quad'}, 'target': None, 'background_color': [0.0, 0.0, 0.0, 1.0], 'priority': None, 'show': True, 'force': False, 'expire': None, 'slide': None, 'tokens': {}, 'action': 'play'}}, 'context': 'show_1', 'calling_context': 1, 'priority': 10, 'show_tokens': {}, 'start_time': 4683.566201809}
2020-05-15 16:35:12,716 : mpfmc : SlidePlayer: Play called with settings={'press_start': {'widgets': [{'type': 'Text', 'text': 'PRESS START', 'animations': {'pre_show_slide': [{'property': ['opacity'], 'value': ['0'], 'duration': 0.5, 'relative': False, 'timing': 'after_previous', 'repeat': False, 'easing': 'linear'}, {'property': ['opacity'], 'value': ['1'], 'duration': 0.5, 'repeat': False, 'relative': False, 'timing': 'after_previous', 'easing': 'linear'}]}, '_default_settings': ['type', 'text', 'animations'], 'x': None, 'y': None, 'anchor_x': 'center', 'anchor_y': 'center', 'round_anchor_x': None, 'round_anchor_y': None, 'opacity': 1.0, 'z': 0, 'reset_animations_events': {}, 'color': [1.0, 1.0, 1.0, 1.0], 'style': [], 'adjust_top': 0, 'adjust_bottom': 0, 'adjust_left': 0, 'adjust_right': 0, 'expire': None, 'key': None, 'widget': None, 'events_when_added': [], 'events_when_removed': [], 'font_size': 15, 'bitmap_font': False, 'font_kerning': True, 'bold': False, 'italic': False, 'number_grouping': False, 'min_digits': 0, 'halign': 'center', 'valign': 'middle', 'rotation': 0, 'scale': 1.0, 'casing': None}, {'type': 'Text', 'text': 'FREE PLAY', 'color': [0.0, 0.5019607843137255, 0.0, 1], 'y': '10', 'anchor_y': 'bottom', '_default_settings': ['type', 'text', 'color', 'y', 'anchor_y'], 'x': None, 'anchor_x': 'center', 'round_anchor_x': None, 'round_anchor_y': None, 'opacity': 1.0, 'z': 0, 'reset_animations_events': {}, 'style': [], 'adjust_top': 0, 'adjust_bottom': 0, 'adjust_left': 0, 'adjust_right': 0, 'expire': None, 'key': None, 'widget': None, 'events_when_added': [], 'events_when_removed': [], 'font_size': 15, 'bitmap_font': False, 'font_kerning': True, 'bold': False, 'italic': False, 'number_grouping': False, 'min_digits': 0, 'halign': 'center', 'valign': 'middle', 'rotation': 0, 'scale': 1.0, 'casing': None, 'animations': None}], 'transition': {'type': 'move_in', 'duration': 1.0, 'direction': 'right', 'easing': 'out_quad'}, 'target': None, 'background_color': [0.0, 0.0, 0.0, 1.0], 'priority': None, 'show': True, 'force': False, 'expire': None, 'slide': None, 'tokens': {}, 'action': 'play'}}
2020-05-15 16:35:12,719 : EventManager : Event: ======'slide_press_start_removed'====== Args={}
2020-05-15 16:35:12,729 : EventManager : Event: ======'slide_press_start_created'====== Args={}
2020-05-15 16:35:12,734 : EventManager : Event: ======'slide_press_start_active'====== Args={}
2020-05-15 16:35:15,725 : EventManager : Event: ======'slides_play'====== Args={'settings': {'mission_pinball': {'widgets': [{'type': 'Text', 'text': 'MISSION PINBALL', 'color': [1.0, 0.0, 0.0, 1], '_default_settings': ['type', 'text', 'color'], 'x': None, 'y': None, 'anchor_x': 'center', 'anchor_y': 'center', 'round_anchor_x': None, 'round_anchor_y': None, 'opacity': 1.0, 'z': 0, 'reset_animations_events': {}, 'style': [], 'adjust_top': 0, 'adjust_bottom': 0, 'adjust_left': 0, 'adjust_right': 0, 'expire': None, 'key': None, 'widget': None, 'events_when_added': [], 'events_when_removed': [], 'font_size': 15, 'bitmap_font': False, 'font_kerning': True, 'bold': False, 'italic': False, 'number_grouping': False, 'min_digits': 0, 'halign': 'center', 'valign': 'middle', 'rotation': 0, 'scale': 1.0, 'casing': None, 'animations': None}], 'transition': {'type': 'move_in', 'duration': 1.0, 'direction': 'top', 'easing': 'out_quad'}, 'target': None, 'background_color': [0.0, 0.0, 0.0, 1.0], 'priority': None, 'show': True, 'force': False, 'expire': None, 'slide': None, 'tokens': {}, 'action': 'play'}}, 'context': 'show_1', 'calling_context': 2, 'priority': 10, 'show_tokens': {}, 'start_time': 4686.566201809}
2020-05-15 16:35:15,725 : mpfmc : SlidePlayer: Play called with settings={'mission_pinball': {'widgets': [{'type': 'Text', 'text': 'MISSION PINBALL', 'color': [1.0, 0.0, 0.0, 1], '_default_settings': ['type', 'text', 'color'], 'x': None, 'y': None, 'anchor_x': 'center', 'anchor_y': 'center', 'round_anchor_x': None, 'round_anchor_y': None, 'opacity': 1.0, 'z': 0, 'reset_animations_events': {}, 'style': [], 'adjust_top': 0, 'adjust_bottom': 0, 'adjust_left': 0, 'adjust_right': 0, 'expire': None, 'key': None, 'widget': None, 'events_when_added': [], 'events_when_removed': [], 'font_size': 15, 'bitmap_font': False, 'font_kerning': True, 'bold': False, 'italic': False, 'number_grouping': False, 'min_digits': 0, 'halign': 'center', 'valign': 'middle', 'rotation': 0, 'scale': 1.0, 'casing': None, 'animations': None}], 'transition': {'type': 'move_in', 'duration': 1.0, 'direction': 'top', 'easing': 'out_quad'}, 'target': None, 'background_color': [0.0, 0.0, 0.0, 1.0], 'priority': None, 'show': True, 'force': False, 'expire': None, 'slide': None, 'tokens': {}, 'action': 'play'}}
2020-05-15 16:35:15,727 : EventManager : Event: ======'slide_mission_pinball_removed'====== Args={}
2020-05-15 16:35:15,732 : EventManager : Event: ======'slide_mission_pinball_created'====== Args={}
2020-05-15 16:35:15,735 : EventManager : Event: ======'slide_mission_pinball_active'====== Args={}
2020-05-15 16:35:18,716 : EventManager : Event: ======'slides_play'====== Args={'settings': {'last_game_score_slide': {'widgets': [{'type': 'text', 'text': 'LAST GAME', 'font_size': 50, 'y': '60%', '_default_settings': ['type', 'text', 'font_size', 'y'], 'x': None, 'anchor_x': 'center', 'anchor_y': 'center', 'round_anchor_x': None, 'round_anchor_y': None, 'opacity': 1.0, 'z': 0, 'reset_animations_events': {}, 'color': [1.0, 1.0, 1.0, 1.0], 'style': [], 'adjust_top': 0, 'adjust_bottom': 0, 'adjust_left': 0, 'adjust_right': 0, 'expire': None, 'key': None, 'widget': None, 'events_when_added': [], 'events_when_removed': [], 'bitmap_font': False, 'font_kerning': True, 'bold': False, 'italic': False, 'number_grouping': False, 'min_digits': 0, 'halign': 'center', 'valign': 'middle', 'rotation': 0, 'scale': 1.0, 'casing': None, 'animations': None}, {'type': 'text', 'text': '(machine|player1_score)', 'number_grouping': True, 'min_digits': 2, 'font_size': 50, 'y': '40%', '_default_settings': ['type', 'text', 'number_grouping', 'min_digits', 'font_size', 'y'], 'x': None, 'anchor_x': 'center', 'anchor_y': 'center', 'round_anchor_x': None, 'round_anchor_y': None, 'opacity': 1.0, 'z': 0, 'reset_animations_events': {}, 'color': [1.0, 1.0, 1.0, 1.0], 'style': [], 'adjust_top': 0, 'adjust_bottom': 0, 'adjust_left': 0, 'adjust_right': 0, 'expire': None, 'key': None, 'widget': None, 'events_when_added': [], 'events_when_removed': [], 'bitmap_font': False, 'font_kerning': True, 'bold': False, 'italic': False, 'halign': 'center', 'valign': 'middle', 'rotation': 0, 'scale': 1.0, 'casing': None, 'animations': None}], 'target': None, 'background_color': [0.0, 0.0, 0.0, 1.0], 'priority': None, 'show': True, 'force': False, 'expire': None, 'slide': None, 'tokens': {}, 'action': 'play'}}, 'context': 'show_1', 'calling_context': 3, 'priority': 10, 'show_tokens': {}, 'start_time': 4689.566201809}
2020-05-15 16:35:18,716 : mpfmc : SlidePlayer: Play called with settings={'last_game_score_slide': {'widgets': [{'type': 'text', 'text': 'LAST GAME', 'font_size': 50, 'y': '60%', '_default_settings': ['type', 'text', 'font_size', 'y'], 'x': None, 'anchor_x': 'center', 'anchor_y': 'center', 'round_anchor_x': None, 'round_anchor_y': None, 'opacity': 1.0, 'z': 0, 'reset_animations_events': {}, 'color': [1.0, 1.0, 1.0, 1.0], 'style': [], 'adjust_top': 0, 'adjust_bottom': 0, 'adjust_left': 0, 'adjust_right': 0, 'expire': None, 'key': None, 'widget': None, 'events_when_added': [], 'events_when_removed': [], 'bitmap_font': False, 'font_kerning': True, 'bold': False, 'italic': False, 'number_grouping': False, 'min_digits': 0, 'halign': 'center', 'valign': 'middle', 'rotation': 0, 'scale': 1.0, 'casing': None, 'animations': None}, {'type': 'text', 'text': '(machine|player1_score)', 'number_grouping': True, 'min_digits': 2, 'font_size': 50, 'y': '40%', '_default_settings': ['type', 'text', 'number_grouping', 'min_digits', 'font_size', 'y'], 'x': None, 'anchor_x': 'center', 'anchor_y': 'center', 'round_anchor_x': None, 'round_anchor_y': None, 'opacity': 1.0, 'z': 0, 'reset_animations_events': {}, 'color': [1.0, 1.0, 1.0, 1.0], 'style': [], 'adjust_top': 0, 'adjust_bottom': 0, 'adjust_left': 0, 'adjust_right': 0, 'expire': None, 'key': None, 'widget': None, 'events_when_added': [], 'events_when_removed': [], 'bitmap_font': False, 'font_kerning': True, 'bold': False, 'italic': False, 'halign': 'center', 'valign': 'middle', 'rotation': 0, 'scale': 1.0, 'casing': None, 'animations': None}], 'target': None, 'background_color': [0.0, 0.0, 0.0, 1.0], 'priority': None, 'show': True, 'force': False, 'expire': None, 'slide': None, 'tokens': {}, 'action': 'play'}}
2020-05-15 16:35:18,719 : EventManager : Event: ======'slide_last_game_score_slide_removed'====== Args={}
2020-05-15 16:35:18,726 : EventManager : Event: ======'slide_last_game_score_slide_created'====== Args={}
2020-05-15 16:35:18,728 : EventManager : Unordered handler for class <Text Widget text=400> on event machine_var_player1_score with priority 1. Handlers: [RegisteredHandler(callback=<bound method Text._machine_var_change of <Text Widget text=400>>, priority=1, kwargs={}, key=UUID('73fded71-cb67-4791-b8d2-564125ff3f6f'), condition=None, blocking_facility=None), RegisteredHandler(callback=<bound method Text._machine_var_change of <Text Widget text=400>>, priority=1, kwargs={}, key=UUID('3e3eea10-6dee-4d3a-9a90-7104ac2d01f4'), condition=None, blocking_facility=None)]. The order of those handlers is not defined and they will be executed in random order. This might lead to race conditions and potential bugs.
2020-05-15 16:35:18,731 : EventManager : Event: ======'slide_last_game_score_slide_active'====== Args={}
2020-05-15 16:35:21,724 : EventManager : Event: ======'slides_play'====== Args={'settings': {'awesome_slide': {'widgets': [{'type': 'text', 'text': 'YOU ARE AWESOME', 'font_size': 50, '_default_settings': ['type', 'text', 'font_size'], 'x': None, 'y': None, 'anchor_x': 'center', 'anchor_y': 'center', 'round_anchor_x': None, 'round_anchor_y': None, 'opacity': 1.0, 'z': 0, 'reset_animations_events': {}, 'color': [1.0, 1.0, 1.0, 1.0], 'style': [], 'adjust_top': 0, 'adjust_bottom': 0, 'adjust_left': 0, 'adjust_right': 0, 'expire': None, 'key': None, 'widget': None, 'events_when_added': [], 'events_when_removed': [], 'bitmap_font': False, 'font_kerning': True, 'bold': False, 'italic': False, 'number_grouping': False, 'min_digits': 0, 'halign': 'center', 'valign': 'middle', 'rotation': 0, 'scale': 1.0, 'casing': None, 'animations': None}], 'transition': {'type': 'push', 'duration': 1.0, 'direction': 'left', 'easing': 'out_quad'}, 'target': None, 'background_color': [0.0, 0.0, 0.0, 1.0], 'priority': None, 'show': True, 'force': False, 'expire': None, 'slide': None, 'tokens': {}, 'action': 'play'}}, 'context': 'show_1', 'calling_context': 0, 'priority': 10, 'show_tokens': {}, 'start_time': 4692.566201809}
2020-05-15 16:35:21,725 : mpfmc : SlidePlayer: Play called with settings={'awesome_slide': {'widgets': [{'type': 'text', 'text': 'YOU ARE AWESOME', 'font_size': 50, '_default_settings': ['type', 'text', 'font_size'], 'x': None, 'y': None, 'anchor_x': 'center', 'anchor_y': 'center', 'round_anchor_x': None, 'round_anchor_y': None, 'opacity': 1.0, 'z': 0, 'reset_animations_events': {}, 'color': [1.0, 1.0, 1.0, 1.0], 'style': [], 'adjust_top': 0, 'adjust_bottom': 0, 'adjust_left': 0, 'adjust_right': 0, 'expire': None, 'key': None, 'widget': None, 'events_when_added': [], 'events_when_removed': [], 'bitmap_font': False, 'font_kerning': True, 'bold': False, 'italic': False, 'number_grouping': False, 'min_digits': 0, 'halign': 'center', 'valign': 'middle', 'rotation': 0, 'scale': 1.0, 'casing': None, 'animations': None}], 'transition': {'type': 'push', 'duration': 1.0, 'direction': 'left', 'easing': 'out_quad'}, 'target': None, 'background_color': [0.0, 0.0, 0.0, 1.0], 'priority': None, 'show': True, 'force': False, 'expire': None, 'slide': None, 'tokens': {}, 'action': 'play'}}
2020-05-15 16:35:21,726 : EventManager : Event: ======'slide_awesome_slide_removed'====== Args={}
2020-05-15 16:35:21,732 : EventManager : Event: ======'slide_awesome_slide_created'====== Args={}
2020-05-15 16:35:21,736 : EventManager : Event: ======'slide_awesome_slide_active'====== Args={}
2020-05-15 16:35:23,328 : kivy : WindowSDL: exiting mainloop and closing.
2020-05-15 16:35:23,401 : kivy : Base: Leaving application in progress...
2020-05-15 16:35:23,401 : mpfmc : Stopping...
2020-05-15 16:35:23,402 : EventManager : Event: ======'shutdown'====== Args={}
2020-05-15 16:35:23,486 : mpfmc : Loop rate 73.56 Hz
2020-05-15 16:35:23,487 : kivy : MC run loop ended.
2020-05-15 16:35:23,487 : kivy : Stopping child threads... (3 remaining)
2020-05-15 16:35:23,931 : mpfmc : Stopping...
2020-05-15 16:35:23,931 : EventManager : Event: ======'shutdown'====== Args={}
2020-05-15 16:35:23,932 : mpfmc : Loop rate 72.33 Hz
2020-05-15 16:35:23,947 : MPF-MC BCP Server : Stopping BCP sending thread
2020-05-15 16:35:24,294 : kivy : All child threads stopped.
